0.200 0 0 0 5 500.000 500.000 -500.000 500.000 0.000 2000.000 -1500.000 1500.000 1500.000 1500.000    
0.400 0 0 0 5 500.000 500.000 -500.000 500.000 0.000 2000.000 -1500.000 1500.000 1500.000 1500.000    
0.600 0 0 0 5 500.000 500.000 -500.000 500.000 0.000 2000.000 -1500.000 1500.000 1500.000 1500.000    
0.800 0 0 0 5 500.000 500.000 -500.000 500.000 0.000 2000.000 -1500.000 1500.000 1500.000 1500.000    
1.000 0 0 0 5 500.000 500.000 -500.000 500.000 0.000 2000.000 -1500.000 1500.000 1500.000 1500.000    
1.200 0 0 0 5 500.000 500.000 -500.000 500.000 0.000 2000.000 -1500.000 1500.000 1500.000 1500.000    
1.400 0 0 0 5 500.000 500.000 -500.000 500.000 0.000 2000.000 -1500.000 1500.000 1500.000 1500.000    
1.600 0 0 0 5 500.000 500.000 -500.000 500.000 0.000 2000.000 -1500.000 1500.000 1500.000 1500.000    
1.800 0 0 0 5 500.000 500.000 -500.000 500.000 0.000 2000.000 -1500.000 1500.000 1500.000 1500.000    
2.000 0 0 0 5 500.000 500.000 -500.000 500.000 0.000 2000.000 -1500.000 1500.000 1500.000 1500.000    
2.200 0 0 0 5 500.000 500.000 -500.000 500.000 0.000 2000.000 -1500.000 1500.000 1500.000 1500.000    
2.400 0 0 0 5 500.000 498.000 -500.000 498.000 0.000 1998.000 -1500.000 1498.000 1500.000 1498.000    
2.600 0 0 0 5 500.000 494.200 -500.000 494.200 0.000 1994.200 -1500.000 1494.200 1500.000 1494.200    
2.800 0 0 0 5 500.000 488.780 -500.000 488.780 0.000 1988.780 -1500.000 1488.780 1500.000 1488.780    
3.000 0 0 0 5 500.000 481.902 -500.000 481.902 0.000 1981.902 -1500.000 1481.902 1500.000 1481.902    
3.200 0 0 0 5 500.000 473.712 -500.000 473.712 0.000 1973.712 -1500.000 1473.712 1500.000 1473.712    
3.400 0 0 0 5 500.000 464.341 -500.000 464.341 0.000 1964.341 -1500.000 1464.341 1500.000 1464.341    
3.600 0 0 0 5 500.000 453.907 -500.000 453.907 0.000 1953.907 -1500.000 1453.907 1500.000 1453.907    
3.800 0 0 0 5 500.000 442.516 -500.000 442.516 0.000 1942.516 -1500.000 1442.516 1500.000 1442.516    
4.000 0 0 0 5 500.000 430.264 -500.000 430.264 0.000 1930.264 -1500.000 1430.264 1500.000 1430.264    
4.200 0 0 0 5 500.000 417.238 -500.000 417.238 0.000 1917.238 -1500.000 1417.238 1500.000 1417.238    
4.400 0 0 0 5 500.000 403.514 -500.000 403.514 0.000 1903.514 -1500.000 1403.514 1500.000 1403.514    
4.600 0 0 0 5 500.000 389.163 -500.000 389.163 0.000 1889.163 -1500.000 1389.163 1500.000 1389.163    
4.800 0 0 0 5 500.000 374.246 -500.000 374.246 0.000 1874.246 -1500.000 1374.246 1500.000 1374.246    
5.000 0 0 0 5 500.000 358.822 -500.000 358.822 0.000 1858.822 -1500.000 1358.822 1500.000 1358.822    
5.200 0 0 0 5 500.000 342.940 -500.000 342.940 0.000 1842.940 -1500.000 1342.940 1500.000 1342.940    
5.400 0 0 0 5 500.000 326.646 -500.000 326.646 0.000 1826.646 -1500.000 1326.646 1500.000 1326.646    
5.600 0 0 0 5 500.000 309.981 -500.000 309.981 0.000 1809.981 -1500.000 1309.981 1500.000 1309.981    
5.800 0 0 0 5 500.000 292.983 -500.000 292.983 0.000 1792.983 -1500.000 1292.983 1500.000 1292.983    
6.000 0 0 0 5 500.000 275.685 -500.000 275.685 0.000 1775.685 -1500.000 1275.685 1500.000 1275.685    
6.200 0 0 0 5 500.000 258.116 -500.000 258.116 0.000 1758.116 -1500.000 1258.116 1500.000 1258.116    
6.400 0 0 0 5 500.000 240.305 -500.000 240.305 0.000 1740.305 -1500.000 1240.305 1500.000 1240.305    
6.600 0 0 0 5 496.748 229.451 -503.149 215.051 -24.800 1722.096 -1517.445 1200.548 1482.244 1243.747    
6.800 0 0 0 5 491.042 224.168 -508.134 183.571 -69.441 1702.633 -1547.906 1142.150 1449.621 1263.941    
7.000 0 0 0 5 483.342 223.251 -513.733 146.827 -129.831 1680.652 -1587.233 1067.478 1403.994 1296.750    
7.200 0 0 0 5 473.909 225.668 -518.860 105.630 -202.533 1654.803 -1631.668 978.360 1346.640 1338.476    
7.400 0 0 0 5 462.895 230.545 -522.576 60.703 -284.604 1623.831 -1677.890 876.332 1278.524 1385.859    
7.600 0 0 0 6 450.396 237.141 -524.096 12.719 -373.482 1586.668 -1723.010 762.790 1200.467 1436.054 2024.345 86.526  
7.800 0 0 0 5 436.488 244.827 -466.905 1542.472 -1764.549 639.079 1113.247 1486.599 2016.639 188.955    
8.000 0 0 0 5 421.244 253.074 -562.854 1490.632 -1800.412 506.534 1017.651 1535.377 2001.750 297.819    
8.200 0 0 0 5 404.745 261.434 -659.521 1430.766 -1828.853 366.500 914.504 1580.580 1978.771 411.248    
8.400 0 0 0 5 387.083 269.528 -755.276 1362.696 -1848.444 220.338 804.674 1620.682 1947.033 527.513    
8.600 0 0 0 5 368.362 277.038 -848.651 1286.433 -1858.047 69.420 689.073 1654.406 1906.086 645.011    
8.800 0 0 0 4 352.749 278.648 -920.923 1215.536 592.791 1672.341 1866.463 735.453      
9.000 0 0 0 4 339.981 275.739 -976.941 1150.792 513.254 1679.298 1830.176 804.245      
9.200 0 0 0 4 329.694 269.346 -1020.458 1092.200 447.916 1678.610 1798.069 855.756      
9.400 0 0 0 4 321.509 260.248 -1054.352 1039.355 394.450 1672.579 1770.311 893.472      
9.600 0 0 0 4 315.065 249.030 -1080.820 991.663 350.818 1662.791 1746.703 920.157      
9.800 0 0 0 4 306.610 240.580 -1115.086 932.520 291.484 1654.712 1713.179 962.771      
10.000 0 0 0 4 296.619 234.152 -1154.075 863.029 219.443 1646.258 1670.137 1017.381      
10.200 0 0 0 4 285.438 229.119 -1195.096 784.113 137.220 1635.544 1617.754 1080.550      
10.400 0 0 0 4 276.543 220.999 -1225.657 714.348 70.343 1620.099 1572.543 1126.750      
10.600 0 0 0 4 269.566 210.493 -1248.488 652.660 16.078 1601.803 1534.132 1159.636      
10.800 0 0 0 4 264.163 198.125 -1265.591 597.941 -27.886 1581.855 1501.868 1182.039      
11.000 0 0 0 4 260.031 184.292 -1278.435 549.149 -63.470 1561.008 1474.997 1196.151      
11.200 0 0 0 5 256.913 169.296 -1288.102 505.344 2487.144 7.833 -92.255 1539.728 1452.760 1203.680    
11.400 0 0 0 5 252.358 157.022 -1301.961 447.007 2486.402 61.908 -137.382 1516.472 1416.938 1226.487    
11.600 0 0 0 5 246.852 146.843 -1317.540 376.360 2482.904 138.396 -195.291 1490.163 1369.101 1260.646    
11.800 0 0 0 5 240.725 138.233 -1332.596 295.268 2474.782 233.050 -262.976 1459.704 1310.346 1302.670    
12.000 0 0 0 5 234.212 130.765 -1345.165 205.372 2460.262 342.192 -337.854 1424.110 1241.524 1349.503    
12.200 0 0 0 5 229.246 120.804 -1351.878 127.657 2444.190 427.433 -397.721 1388.444 1183.403 1381.591    
12.400 0 0 0 5 225.558 108.891 -1354.830 60.172 2428.358 493.175 -445.572 1353.714 1134.816 1402.433    
12.600 0 0 0 5 222.900 95.438 -1355.427 1.192 2413.709 543.049 -483.828 1320.401 1094.500 1414.648    
12.800 0 0 0 4 221.053 80.760 2400.672 580.023 -514.428 1288.679 1061.231 1420.201      
13.000 0 0 0 4 218.873 68.259 2380.385 640.855 -556.987 1250.647 1013.331 1435.313      
13.200 0 0 0 4 216.645 57.489 2352.142 720.552 -608.292 1206.175 952.862 1456.769      
13.400 0 0 0 4 214.550 48.094 2315.066 814.796 -665.575 1155.063 881.457 1481.703      
13.600 0 0 0 4 212.698 39.792 2268.316 919.812 -726.438 1097.159 800.497 1507.611      
13.800 0 0 0 4 211.154 32.366 2211.201 1032.273 -788.799 1032.412 711.224 1532.342      
14.000 0 0 0 4 210.306 22.621 2159.562 1118.248 -836.922 973.049 637.120 1545.062      
14.200 0 0 0 4 210.034 11.010 2114.221 1183.218 -874.128 919.081 576.024 1549.208      
14.400 0 0 0 4 210.223 0.918 2057.249 1261.273 -915.395 857.062 503.558 1554.608      
14.600 0 0 0 3 1988.696 1348.403 -958.400 787.490 421.663 1559.129        
14.800 0 0 0 3 1908.631 1441.098 -1001.139 710.867 332.041 1560.944        
15.000 0 0 0 3 1817.221 1536.284 -1041.897 627.743 236.239 1558.533        
15.200 0 0 0 3 1714.771 1631.267 -1079.213 538.724 135.689 1550.660        
15.400 0 0 0 3 1626.391 1700.451 -1105.345 460.444 53.855 1535.737        
15.600 0 0 0 3 1551.327 1750.002 -1123.554 391.690 -12.498 1516.659        
15.800 0 0 0 4 1340.190 7.172 1462.418 1805.799 -1140.815 314.767 -87.704 1494.155      
16.000 0 0 0 4 1338.829 61.721 1360.863 1864.362 -1155.440 230.895 -169.533 1467.012      
16.200 0 0 0 4 1333.915 121.962 1247.787 1922.679 -1166.010 141.224 -256.021 1434.251      
16.400 0 0 0 4 1324.735 186.564 1124.308 1978.164 -1171.359 46.866 -345.408 1395.126      
16.600 0 0 0 3 1310.722 254.319 991.573 2028.620 -436.109 1349.117        
16.800 0 0 0 3 1295.986 305.485 880.516 2059.733 -507.969 1303.355        
17.000 0 0 0 3 1281.915 343.192 788.373 2077.094 -564.881 1259.350        
17.200 0 0 0 3 1263.733 388.256 682.270 2094.685 -627.448 1208.887        
17.400 0 0 0 3 1241.007 438.793 564.440 2109.798 -693.356 1151.701        
17.600 0 0 0 3 1213.381 493.150 436.907 2120.138 -760.588 1087.662        
17.800 0 0 0 3 1180.600 549.868 301.555 2123.806 -827.382 1016.783        
18.000 0 0 0 3 1151.147 591.135 190.669 2116.743 -878.582 951.967        
18.200 0 0 0 3 1125.484 620.183 100.196 2103.014 -917.902 893.271        
18.400 0 0 0 3 1103.585 639.561 26.569 2085.257 -948.170 840.313        
18.600 0 0 0 3 1075.688 666.825 -62.989 2064.470 -982.841 778.441        
18.800 0 0 0 3 1042.044 699.739 -165.010 2038.777 -1019.491 708.415        
19.000 0 0 0 3 1002.831 736.366 -276.473 2006.555 -1056.025 630.946        
19.200 0 0 0 3 958.225 775.023 -394.706 1966.483 -1090.650 546.743        
19.400 0 0 0 3 920.064 801.087 -489.643 1924.798 -1115.159 472.651        
19.600 0 0 0 3 887.921 817.443 -565.819 1883.577 -1132.454 407.459        
19.800 0 0 0 3 849.162 838.598 -653.433 1834.694 -1149.531 333.399        
20.000 0 0 0 3 804.392 862.632 -749.086 1777.348 -1164.582 251.779        
20.200 0 0 0 3 754.140 887.891 -849.800 1710.920 -1176.069 163.811        
20.400 0 0 0 4 1366.201 15.898 698.907 912.959 -952.954 1635.009 -1182.721 70.654      
20.600 0 0 0 3 1363.561 84.987 639.197 936.630 -1056.228 1549.439        
20.800 0 0 0 3 1358.135 137.816 589.263 949.503 -1136.508 1470.767        
21.000 0 0 0 3 1351.660 177.269 547.929 954.454 -1199.043 1399.526        
21.200 0 0 0 3 1342.026 225.133 500.179 960.860 -1266.988 1317.399        
21.400 0 0 0 3 1328.523 279.539 447.017 967.251 -1337.261 1224.843        
21.600 0 0 0 3 1310.542 338.842 389.333 972.383 -1407.192 1122.374        
21.800 0 0 0 3 1293.250 382.995 341.959 970.401 -1459.772 1031.738        
22.000 0 0 0 3 1277.534 414.930 303.296 963.437 -1499.443 951.957        
22.200 0 0 0 3 1263.753 437.027 271.883 952.966 -1529.487 881.784        
22.400 0 0 0 3 1245.333 469.178 232.881 943.458 -1563.975 797.487        
22.600 0 0 0 3 1222.101 509.004 187.854 933.659 -1599.817 700.779        
22.800 0 0 0 3 1193.840 554.439 138.123 922.488 -1634.321 593.184        
23.000 0 0 0 3 1160.366 603.681 84.842 909.047 -1665.184 476.139        
23.200 0 0 0 3 1130.881 638.937 41.888 892.103 -1685.236 375.341        
23.400 0 0 0 3 1105.530 663.159 7.379 873.078 -1697.966 288.443        
23.600 0 0 0 3 1084.098 678.661 -20.280 852.869 -1705.776 213.256        
23.800 0 0 0 3 1056.198 702.531 -54.392 831.338 -1712.263 123.197        
24.000 0 0 0 3 1022.225 732.434 -93.267 807.793 -1715.242 20.904        
24.200 0 0 0 2 982.460 766.341 -135.470 781.643          
24.400 0 0 0 2 948.609 788.919 -168.908 754.932          
24.600 0 0 0 2 920.196 802.705 -195.363 728.346          
24.800 0 0 0 2 896.591 809.637 -216.273 702.244          
25.000 0 0 0 2 877.132 811.198 -232.793 676.786          
25.200 0 0 0 3 849.455 820.842 -255.202 648.408 -752.027 2381.372        
25.400 0 0 0 3 814.617 836.253 -281.704 616.982 -851.802 2327.242        
25.600 0 0 0 4 773.407 855.402 -310.778 582.376 2130.618 44.242 -964.455 2262.467      
25.800 0 0 0 5 739.017 865.973 -333.250 549.358 2127.898 110.321 -1054.286 2201.662 510.210 2430.469    
26.000 0 0 0 5 710.576 869.999 -350.609 518.024 2123.736 160.789 -1126.006 2145.525 430.048 2426.053    
26.200 0 0 0 5 687.214 868.996 -364.014 488.312 2119.125 198.451 -1183.353 2094.140 364.503 2416.851    
26.400 0 0 0 6 655.611 873.631 -380.946 454.645 2111.154 256.058 -1258.634 2029.340 1731.886 1791.036 276.344 2408.608  
26.600 0 0 0 6 617.003 881.940 -399.897 417.275 2098.568 329.705 -1346.741 1951.383 1651.418 1846.299 169.852 2398.534  
26.800 0 0 0 6 572.371 892.202 -419.583 376.425 2080.103 416.026 -1443.218 1860.396 1556.405 1907.917 48.673 2384.094  
27.000 0 0 0 6 535.497 895.315 -434.083 338.615 2061.777 482.435 -1518.719 1778.603 1476.313 1951.187 -49.967 2364.067  
27.200 0 0 0 6 505.245 893.119 -444.727 303.582 2044.754 532.683 -1577.979 1705.630 1409.397 1980.551 -130.111 2340.987  
27.400 0 0 0 6 480.557 886.946 -452.506 270.997 2029.570 569.832 -1624.637 1640.708 1353.854 1999.310 -195.159 2316.424  
27.600 0 0 0 6 460.490 877.770 -458.159 240.523 2016.386 596.367 -1661.484 1582.913 1307.971 2009.926 -247.925 2291.328  
27.800 0 0 0 6 431.710 872.609 -465.239 205.165 1996.104 643.105 -1712.540 1506.794 1241.071 2032.323 -323.323 2261.827  
28.000 0 0 0 6 395.813 869.855 -472.550 165.621 1968.410 705.727 -1772.997 1414.154 1156.155 2062.282 -416.443 2226.410  
28.200 0 0 0 6 366.545 862.883 -477.249 129.390 1943.832 752.581 -1819.596 1332.763 1085.702 2080.591 -491.585 2190.893  
28.400 0 0 0 6 342.785 852.822 -480.127 95.976 1922.543 786.756 -1855.663 1261.265 1027.541 2090.202 -552.217 2156.268  
28.600 0 0 0 6 323.560 840.478 -481.746 64.924 1904.418 810.726 -1883.693 1198.302 979.704 2093.264 -601.155 2123.016  
28.800 0 0 0 6 308.044 826.428 -482.507 35.840 1889.182 826.467 -1905.559 1142.602 940.468 2091.355 -640.671 2091.316  
29.000 0 0 0 6 283.838 815.263 -482.764 1.432 1864.271 862.492 -1938.215 1065.229 878.227 2098.501 -702.206 2051.272  
29.200 0 0 0 5 252.713 805.694 1830.117 914.315 -1977.376 969.105 796.777 2111.065 -780.626 2002.444    
29.400 0 0 0 5 216.094 796.544 1786.783 978.025 -2019.167 856.610 699.186 2125.688 -871.504 1944.207    
29.600 0 0 0 5 186.476 784.184 1749.149 1025.125 -2049.454 759.400 618.792 2130.699 -943.881 1889.757    
29.800 0 0 0 5 162.610 769.616 1717.030 1059.061 -2071.467 675.277 552.822 2128.930 -1001.598 1839.485    
30.000 0 0 0 5 132.566 755.508 1674.197 1106.753 -2095.967 572.090 468.222 2129.311 -1073.409 1778.065    
30.200 0 0 0 5 97.765 740.937 1621.136 1164.426 -2119.651 452.726 368.323 2129.029 -1155.048 1705.540    
30.400 0 0 0 5 59.401 725.106 1558.174 1228.774 -2139.614 319.727 255.977 2125.591 -1242.796 1621.924    
30.600 0 0 0 5 18.499 707.362 1485.615 1296.915 -2153.373 175.411 133.703 2116.876 -1333.412 1527.323    
30.800 0 0 0 5 -14.143 687.466 1423.339 1345.983 -2158.322 53.037 34.035 2100.858 -1403.447 1442.341    
31.000 0 0 0 4 -40.112 666.409 1370.650 1380.378 -46.981 2080.606 -1457.743 1366.638      
31.200 0 0 0 5 -70.002 643.859 1306.184 1422.389 -142.352 2056.220 2084.715 46.203 -1518.539 1277.689    
31.400 0 0 0 5 -102.572 619.337 1230.961 1468.860 -248.777 2025.973 2080.483 135.326 -1582.310 1176.451    
31.600 0 0 0 6 674.510 7.801 -136.761 592.472 1145.881 1517.042 -363.360 1988.413 2070.451 234.400 -1646.002 1063.843  
31.800 0 0 0 6 674.337 19.526 -163.524 565.409 1074.231 1549.260 -455.502 1949.153 2058.082 311.504 -1693.258 965.303  
32.000 0 0 0 6 673.854 25.527 -184.432 538.698 1014.469 1569.541 -529.546 1910.156 2045.312 370.641 -1728.446 879.313  
32.200 0 0 0 6 673.342 26.830 -200.740 512.608 964.967 1580.843 -589.046 1872.467 2033.202 415.136 -1754.753 804.232  
32.400 0 0 0 6 672.519 33.975 -220.439 484.113 901.247 1598.482 -663.260 1827.210 2015.617 476.796 -1784.947 712.841  
32.600 0 0 0 6 671.099 45.873 -242.215 453.129 825.326 1619.472 -748.273 1773.699 1991.669 551.931 -1815.814 607.356  
32.800 0 0 0 6 668.766 61.607 -264.958 419.603 738.898 1641.190 -840.685 1711.322 1960.485 637.335 -1844.540 489.735  
33.000 0 0 0 6 666.307 70.802 -282.173 387.638 667.322 1651.941 -913.817 1652.955 1931.624 702.446 -1863.311 388.653  
33.200 0 0 0 6 664.058 74.656 -295.171 357.286 608.389 1654.815 -971.770 1599.145 1905.917 751.255 -1875.330 301.617  
33.400 0 0 0 6 662.164 74.155 -304.959 328.463 560.064 1651.994 -1017.775 1549.894 1883.595 786.971 -1882.798 226.363  
33.600 0 0 0 6 660.666 70.103 -312.307 301.021 520.557 1645.022 -1054.362 1504.913 1864.558 812.157 -1887.226 160.913  
33.800 0 0 0 6 659.546 63.154 -317.802 274.792 488.330 1634.995 -1083.511 1463.779 1848.533 828.864 -1889.643 103.576  
34.000 0 0 0 6 658.760 53.840 -321.890 249.607 462.085 1622.699 -1106.774 1426.024 1835.177 838.724 -1890.749 52.932  
34.200 0 0 0 5 657.571 52.068 -328.125 220.606 417.529 1614.880 -1145.283 1374.838 1811.803 869.226    
34.400 0 0 0 5 655.928 56.442 -335.341 188.294 358.071 1609.272 -1194.759 1311.415 1779.049 915.860    
34.600 0 0 0 5 653.636 65.801 -342.546 153.097 286.489 1603.722 -1251.433 1236.575 1737.115 974.687    
34.800 0 0 0 5 651.511 69.792 -347.207 120.418 228.091 1593.181 -1295.298 1169.761 1700.855 1017.884    
35.000 0 0 0 5 649.715 69.405 -350.075 89.908 180.574 1579.341 -1329.362 1110.201 1670.007 1048.692    
35.200 0 0 0 5 649.170 56.106 -350.778 66.292 164.476 1561.121 -1340.539 1076.427 1659.305 1045.867    
35.400 0 0 0 5 649.373 32.249 -350.497 48.375 173.627 1540.117 -1334.241 1064.371 1665.369 1015.993    
35.600 0 0 0 4 -349.885 35.124 202.887 1516.489 -1313.869 1069.887 1684.252 963.718      
35.800 0 0 0 4 -349.602 20.650 226.508 1493.096 -1297.115 1070.517 1698.954 916.987      
36.000 0 0 0 4 -349.564 5.180 245.576 1470.038 -1283.395 1067.235 1710.433 874.898      
36.200 0 0 0 3 260.968 1447.347 -1272.195 1060.812 1719.420 836.676        
36.400 0 0 0 3 293.886 1420.934 -1247.802 1069.936 1737.835 776.721        
36.600 0 0 0 3 340.438 1390.355 -1212.096 1090.961 1762.102 698.350        
36.800 0 0 0 3 397.336 1354.953 -1166.342 1120.617 1788.879 604.215        
37.000 0 0 0 3 461.764 1314.058 -1111.456 1156.017 1815.165 496.558        
37.200 0 0 0 3 512.991 1274.618 -1065.280 1179.427 1832.722 403.809        
37.400 0 0 0 3 553.737 1237.175 -1026.802 1193.637 1844.291 323.682        
37.600 0 0 0 3 586.173 1201.891 -994.965 1200.746 1851.770 254.123        
37.800 0 0 0 3 628.783 1159.783 -951.351 1216.162 1859.062 166.600        
38.000 0 0 0 4 678.573 1110.860 -897.521 1237.064 1863.726 64.241 -1944.140 51.911      
38.200 0 0 0 3 732.959 1055.088 -834.719 1260.965 -1940.028 130.349        
38.400 0 0 0 3 789.699 992.477 -764.012 1285.704 -1930.821 218.672        
38.600 0 0 0 3 846.852 923.135 -686.371 1309.434 -1915.344 314.635        
38.800 0 0 0 3 890.443 860.187 -621.820 1321.773 -1898.446 388.915        
39.000 0 0 0 3 923.758 803.414 -568.558 1325.902 -1881.938 445.542        
39.200 0 0 0 3 960.016 738.536 -505.726 1331.495 -1859.538 514.676        
39.400 0 0 0 3 997.041 666.209 -434.921 1336.646 -1830.447 593.339        
39.600 0 0 0 3 1032.964 587.079 -357.546 1339.729 -1793.972 678.911        
39.800 0 0 0 3 1066.195 501.819 -274.878 1339.390 -1749.578 769.074        
40.000 0 0 0 3 1089.357 426.875 -207.303 1331.680 -1709.144 837.235        
40.200 0 0 0 3 1105.406 361.004 -152.318 1319.196 -1673.505 887.933        
40.400 0 0 0 3 1120.687 286.821 -88.929 1305.068 -1629.297 948.324        
40.600 0 0 0 3 1133.519 205.592 -19.040 1288.001 -1576.502 1015.400        
40.800 0 0 0 3 1142.482 118.505 55.679 1266.921 -1515.136 1086.528        
41.000 0 0 0 3 1145.907 43.200 115.849 1242.776 -1461.845 1138.475        
41.200 0 0 0 2 164.201 1217.226 -1416.387 1175.511          
41.400 0 0 0 2 203.011 1191.259 -1378.098 1200.918          
41.600 0 0 0 2 250.902 1161.942 -1328.480 1236.472          
41.800 0 0 0 2 305.470 1128.571 -1268.508 1278.886          
42.000 0 0 0 2 348.907 1095.676 -1217.927 1307.884          
42.200 0 0 0 2 383.478 1063.842 -1175.682 1326.561          
42.400 0 0 0 2 410.999 1033.315 -1140.653 1337.251          
42.600 0 0 0 2 447.331 997.809 -1092.330 1357.592          
42.800 0 0 0 2 489.932 957.174 -1032.403 1384.370          
43.000 0 0 0 2 536.615 911.248 -962.215 1414.745          
43.200 0 0 0 2 573.051 868.269 -903.650 1433.383          
43.400 0 0 0 2 601.519 828.325 -855.145 1443.247          
43.600 0 0 0 2 623.790 791.265 -815.189 1446.504          
43.800 0 0 0 2 652.067 747.511 -761.525 1455.859          
44.000 0 0 0 2 684.086 697.489 -696.264 1468.614          
44.200 0 0 0 2 717.889 641.560 -621.151 1482.376          
44.400 0 0 0 2 743.365 590.855 -559.173 1487.178          
44.600 0 0 0 2 762.590 544.908 -508.298 1485.570          
44.800 0 0 0 2 777.114 503.156 -466.693 1479.344          
45.000 0 0 0 2 794.712 453.627 -411.552 1475.843          
45.200 0 0 0 2 813.496 397.271 -345.341 1472.954          
45.400 0 0 0 2 831.828 334.920 -270.135 1468.797          
45.600 0 0 0 3 -1758.897 1770.508 844.375 279.543 -208.767 1458.904        
45.800 0 0 0 4 -1637.307 8.541 -1697.275 1810.318 852.849 230.172 -158.855 1445.266      
46.000 0 0 0 4 -1636.299 58.571 -1619.159 1861.265 861.057 173.507 -97.758 1430.755      
46.200 0 0 0 4 -1632.389 119.452 -1526.113 1919.092 867.595 110.733 -27.865 1413.864      
46.400 0 0 0 4 -1624.459 188.992 -1419.463 1980.075 871.270 42.927 48.762 1393.289      
46.600 0 0 0 3 -1615.194 242.021 -1329.696 2022.047 110.595 1369.697        
46.800 0 0 0 3 -1605.886 281.559 -1254.803 2049.818 160.397 1344.688        
47.000 0 0 0 3 -1592.591 333.073 -1162.826 2083.873 219.444 1316.195        
47.200 0 0 0 3 -1574.536 393.950 -1055.971 2120.534 285.316 1283.306        
47.400 0 0 0 3 -1551.012 461.912 -936.163 2156.598 355.914 1245.260        
47.600 0 0 0 3 -1521.433 534.947 -805.172 2189.326 429.396 1201.480        
47.800 0 0 0 3 -1485.356 611.264 -664.683 2216.410 504.132 1151.576        
48.000 0 0 0 3 -1452.272 668.419 -548.472 2228.273 562.836 1103.553        
48.200 0 0 0 3 -1423.011 710.338 -452.897 2229.838 608.961 1058.318        
48.400 0 0 0 4 -563.033 4.444 -1386.949 760.197 -342.527 2229.613 659.805 1006.775      
48.600 0 0 0 4 -563.034 15.511 -1344.028 815.542 -220.177 2225.137 713.208 948.895      
48.800 0 0 0 4 -562.301 29.075 -1294.225 874.231 -88.361 2214.340 767.301 884.737      
49.000 0 0 0 4 -561.185 36.550 -1250.922 916.472 19.006 2196.036 808.653 826.198      
49.200 0 0 0 4 -560.071 39.033 -1213.980 945.898 106.222 2173.525 840.321 773.133      
49.400 0 0 0 4 -559.142 37.435 -1182.885 965.306 176.961 2148.869 864.626 725.100      
49.600 0 0 0 4 -557.943 40.541 -1142.784 993.410 264.839 2119.731 893.043 668.745      
49.800 0 0 0 5 -1555.558 8.956 -556.300 47.464 -1094.437 1027.469 365.943 2084.489 923.334 604.855    
50.000 0 0 0 5 -1553.885 72.963 -554.005 57.461 -1038.444 1065.092 476.878 2041.719 953.565 534.148    
50.200 0 0 0 5 -1550.016 121.720 -551.803 61.957 -991.147 1090.051 565.935 1998.619 975.397 471.418    
50.400 0 0 0 5 -1545.299 157.941 -549.916 61.968 -951.634 1105.338 637.415 1956.762 991.147 415.699    
50.600 0 0 0 5 -1540.506 183.900 -548.422 58.326 -918.890 1113.197 694.810 1916.920 1002.491 366.007    
50.800 0 0 0 5 -1532.984 223.569 -546.521 59.583 -875.767 1128.039 767.913 1868.523 1015.166 306.836    
51.000 0 0 0 5 -1521.937 274.204 -544.108 64.800 -823.618 1147.332 852.529 1811.055 1027.338 239.609    
51.200 0 0 0 5 -1506.563 333.437 -541.021 73.190 -763.545 1168.856 945.016 1744.027 1037.416 165.590    
51.400 0 0 0 5 -1491.735 377.755 -538.242 76.342 -713.575 1180.542 1018.079 1681.915 1042.705 100.968    
51.600 0 0 0 5 -1478.231 409.995 -535.928 75.236 -672.320 1184.919 1075.895 1625.084 1044.908 44.249    
51.800 0 0 0 4 -1459.990 453.535 -533.039 78.353 -621.332 1192.895 1144.277 1557.072      
52.000 0 0 0 4 -1436.568 505.761 -529.468 84.846 -562.103 1202.404 1219.462 1478.132      
52.200 0 0 0 4 -1407.532 564.399 -525.076 94.004 -495.909 1211.657 1298.170 1388.521      
52.400 0 0 0 4 -1381.414 607.627 -521.183 97.723 -441.395 1212.907 1358.856 1308.284      
52.600 0 0 0 4 -1358.621 638.561 -517.934 97.039 -396.756 1208.487 1405.796 1236.892      
52.800 0 0 0 4 -1339.137 659.681 -515.345 92.789 -360.349 1200.027 1442.231 1173.481      
53.000 0 0 0 4 -1312.904 691.927 -512.079 93.030 -313.594 1193.304 1486.542 1095.783      
53.200 0 0 0 4 -1280.102 732.491 -508.111 96.858 -258.473 1186.666 1535.147 1005.207      
53.400 0 0 0 4 -1251.883 760.981 -504.795 96.256 -213.614 1175.707 1571.743 925.707      
53.600 0 0 0 4 -1228.000 779.924 -502.152 92.068 -177.221 1161.844 1599.406 855.909      
53.800 0 0 0 4 -1208.026 791.291 -500.130 84.974 -147.762 1146.029 1620.399 794.450      
54.000 0 0 0 4 -1179.877 813.700 -497.508 82.692 -107.685 1130.565 1646.877 716.423      
54.200 0 0 0 4 -1144.226 844.284 -494.309 84.279 -59.263 1114.199 1675.618 624.109      
54.400 0 0 0 4 -1101.521 880.539 -490.470 88.947 -4.404 1095.794 1703.763 519.457      
54.600 0 0 0 4 -1065.257 905.043 -487.226 89.029 39.773 1075.067 1722.835 429.076      
54.800 0 0 0 4 -1034.850 920.412 -484.625 85.396 75.279 1053.130 1735.633 350.831      
55.000 0 0 0 4 -996.115 943.087 -481.450 85.695 118.609 1029.056 1747.998 257.633      
55.200 0 0 0 4 -949.848 970.630 -477.668 89.128 167.745 1002.060 1757.517 151.986      
55.400 0 0 0 4 -896.693 1000.925 -473.196 95.027 220.953 971.473 1762.096 36.123      
55.600 0 0 0 3 -852.008 1019.978 -469.375 96.077 263.209 940.660        
55.800 0 0 0 4 -814.826 1030.500 -466.275 93.210 296.739 910.406 -2046.486 39.029      
56.000 0 0 0 4 -784.121 1034.508 -463.867 87.177 323.338 881.096 -2044.992 80.462      
56.200 0 0 0 4 -743.945 1044.327 -460.893 85.222 356.686 847.826 -2041.076 140.197      
56.400 0 0 0 4 -695.634 1057.730 -457.372 86.529 394.698 810.391 -2033.304 214.737      
56.600 0 0 0 4 -640.276 1072.770 -453.256 90.414 435.590 768.613 -2020.300 301.061      
56.800 0 0 0 4 -594.422 1079.325 -449.809 89.836 467.373 729.194 -2006.348 367.661      
57.000 0 0 0 4 -556.703 1079.624 -447.067 85.652 492.087 692.274 -1992.843 418.184      
57.200 0 0 0 4 -525.833 1075.277 -444.982 78.551 511.319 657.765 -1980.497 455.638      
57.400 0 0 0 4 -485.242 1074.547 -442.428 75.464 535.248 617.819 -1962.459 510.785      
57.600 0 0 0 4 -436.610 1075.593 -439.436 75.597 561.973 572.769 -1938.017 579.833      
57.800 0 0 0 4 -381.332 1076.796 -435.965 78.290 589.858 522.910 -1906.408 659.493      
58.000 0 0 0 5 -336.083 1072.045 -433.094 76.762 610.695 477.392 -1877.513 719.922 -1234.354 2164.340    
58.200 0 0 0 5 -299.218 1063.118 -430.853 71.820 626.262 435.834 -1851.983 764.922 -1158.881 2186.051    
58.400 0 0 0 6 -269.288 1051.242 -429.197 64.111 637.890 397.768 -1829.940 797.540 -1096.511 2198.283 464.142 2451.986  
58.600 0 0 0 6 -245.048 1037.270 -428.045 54.156 646.567 362.716 -1811.217 820.208 -1045.165 2203.380 521.004 2420.441  
58.800 0 0 0 6 -225.455 1021.791 -427.310 42.375 653.033 330.228 -1795.506 834.865 -1003.016 2203.061 567.035 2389.986  
59.000 0 0 0 7 -209.641 1005.219 -426.904 29.106 657.840 299.899 -1782.442 843.056 1959.848 1546.806 -968.492 2198.595 604.309 2360.757
59.200 0 0 0 7 -196.894 987.845 -426.751 14.621 661.402 271.376 -1771.659 846.019 1979.412 1501.355 -940.261 2190.927 634.505 2332.753
59.400 0 0 0 6 -186.628 969.877 664.029 244.354 -1762.807 844.744 1994.997 1460.299 -917.206 2180.768 658.974 2305.900  
59.600 0 0 0 6 -178.368 951.463 665.953 218.576 -1755.575 840.029 2007.436 1422.911 -898.397 2168.655 678.810 2280.089  
59.800 0 0 0 6 -185.140 930.141 664.490 203.416 -1761.494 807.235 1997.176 1417.479 -914.006 2142.062 662.349 2264.968  
60.000 0 0 0 6 -203.636 906.182 660.617 196.910 -1777.161 751.200 1968.303 1437.861 -957.031 2103.009 616.494 2257.990  
60.200 0 0 0 6 -231.093 879.421 654.797 197.366 -1799.038 675.586 1923.263 1478.379 -1021.339 2052.243 546.606 2256.078  
60.400 0 0 0 6 -252.932 853.249 650.061 194.005 -1815.170 609.498 1885.450 1506.947 -1072.828 2005.539 489.410 2249.289  
60.600 0 0 0 6 -270.301 827.778 646.281 187.560 -1827.100 551.414 1853.945 1526.047 -1114.111 1962.672 442.688 2239.035  
60.800 0 0 0 6 -284.111 803.024 643.313 178.617 -1835.943 500.007 1827.849 1537.614 -1147.258 1923.283 404.574 2226.300  
61.000 0 0 0 6 -295.093 778.952 641.019 167.647 -1842.511 454.146 1806.330 1543.165 -1173.905 1886.963 373.512 2211.770  
61.200 0 0 0 6 -303.824 755.499 639.274 155.028 -1847.394 412.873 1788.648 1543.890 -1195.353 1853.305 348.217 2195.931  
61.400 0 0 0 6 -310.764 732.594 637.969 141.066 -1851.026 375.389 1774.161 1540.733 -1212.632 1821.921 327.629 2179.126  
61.600 0 0 0 6 -316.279 710.163 637.011 126.008 -1853.725 341.028 1762.318 1534.441 -1226.566 1792.466 310.880 2161.601  
61.800 0 0 0 6 -330.536 683.450 634.673 119.207 -1859.989 282.484 1730.505 1550.693 -1263.090 1746.626 266.362 2147.592  
62.000 0 0 0 6 -351.216 652.738 631.244 119.097 -1867.317 203.921 1681.562 1584.303 -1316.710 1686.092 199.391 2134.910  
62.200 0 0 0 6 -376.340 618.125 626.755 124.364 -1873.196 108.792 1617.393 1630.564 -1382.549 1611.877 114.307 2121.211  
62.400 0 0 0 6 -395.832 585.408 622.979 124.946 -1875.104 27.060 1563.480 1662.950 -1434.219 1545.487 45.053 2103.835  
62.600 0 0 0 5 -410.955 554.513 619.918 121.730 1518.544 1684.571 -1474.890 1486.201 -11.234 2084.292    
62.800 0 0 0 5 -422.691 525.282 617.513 115.433 1481.312 1697.789 -1506.996 1433.182 -56.943 2063.537    
63.000 0 0 0 5 -431.796 497.523 615.678 106.630 1450.601 1704.411 -1532.409 1385.584 -94.042 2042.166    
63.200 0 0 0 5 -438.859 471.040 614.320 95.788 1425.359 1705.824 -1552.573 1342.615 -124.142 2020.541    
63.400 0 0 0 5 -444.334 445.648 613.349 83.284 1404.669 1703.103 -1568.607 1303.559 -148.560 1998.876    
63.600 0 0 0 5 -448.573 421.178 612.684 69.422 1387.746 1697.082 -1581.379 1267.789 -168.366 1977.290    
63.800 0 0 0 5 -451.852 397.482 612.258 54.450 1373.930 1688.419 -1591.571 1234.763 -184.430 1955.842    
64.000 0 0 0 5 -454.383 374.431 612.012 38.571 1362.667 1677.632 -1599.713 1204.021 -197.458 1934.556    
64.200 0 0 0 5 -456.333 351.917 611.900 21.950 1353.495 1665.129 -1606.225 1175.171 -208.025 1913.437    
64.400 0 0 0 5 -457.830 329.848 611.885 4.720 1346.033 1651.239 -1611.438 1147.888 -216.594 1892.476    
64.600 0 0 0 4 -458.978 308.146 1339.969 1636.225 -1615.614 1121.899 -223.543 1871.659      
64.800 0 0 0 4 -459.852 286.748 1335.043 1620.296 -1618.960 1096.976 -229.179 1850.970      
65.000 0 0 0 4 -460.517 265.599 1331.045 1603.623 -1621.643 1072.932 -233.748 1830.392      
65.200 0 0 0 4 -461.019 244.656 1327.801 1586.344 -1623.795 1049.610 -237.453 1809.910      
65.400 0 0 0 4 -461.395 223.882 1325.170 1568.570 -1625.521 1026.884 -240.457 1789.509      
65.600 0 0 0 4 -461.675 203.247 1323.038 1550.393 -1626.905 1004.646 -242.892 1769.176      
65.800 0 0 0 4 -464.465 176.056 1299.114 1550.752 -1641.998 959.265 -270.023 1745.194      
66.000 0 0 0 4 -468.528 143.398 1257.107 1565.434 -1666.876 894.371 -316.728 1717.233      
66.200 0 0 0 4 -472.735 106.148 1199.636 1590.458 -1697.795 812.708 -378.704 1684.488      
66.400 0 0 0 4 -476.096 65.055 1128.663 1622.216 -1731.344 716.479 -452.296 1646.015      
66.600 0 0 0 4 -477.421 27.675 1069.524 1642.283 -1755.575 632.921 -511.253 1608.452      
66.800 0 0 0 3 1020.564 1653.522 -1773.109 560.181 -558.496 1572.463        
67.000 0 0 0 3 980.224 1658.042 -1785.814 496.565 -596.375 1538.310        
67.200 0 0 0 3 947.107 1657.410 -1795.031 440.580 -626.767 1506.018        
67.400 0 0 0 3 919.995 1652.796 -1801.718 390.941 -651.171 1475.487        
67.600 0 0 0 3 897.846 1645.079 -1806.566 346.560 -670.780 1446.555        
67.800 0 0 0 3 879.783 1634.929 -1810.074 306.521 -686.547 1419.034        
68.000 0 0 0 3 865.073 1622.856 -1812.603 270.062 -699.231 1392.738        
68.200 0 0 0 3 853.106 1609.257 -1814.416 236.549 -709.440 1367.490        
68.400 0 0 0 3 843.368 1596.440 -1815.717 207.459 -717.672 1345.130        
68.600 0 0 0 3 835.440 1584.446 -1816.653 182.160 -724.321 1325.318        
68.800 0 0 0 3 828.983 1573.285 -1817.326 160.115 -729.700 1307.751        
69.000 0 0 0 3 823.723 1562.946 -1817.811 140.870 -734.057 1292.164        
69.200 0 0 0 3 819.435 1553.406 -1818.160 124.038 -737.591 1278.321        
69.400 0 0 0 3 815.938 1544.629 -1818.413 109.291 -740.461 1266.018        
69.600 0 0 0 3 813.085 1536.576 -1818.595 96.347 -742.793 1255.075        
69.800 0 0 0 3 810.757 1529.204 -1818.726 84.968 -744.691 1245.333        
70.000 0 0 0 3 808.856 1522.467 -1818.821 74.948 -746.236 1236.653        
70.200 0 0 0 3 807.304 1516.321 -1818.890 66.111 -747.495 1228.915        
70.400 0 0 0 3 806.035 1510.722 -1818.939 58.307 -748.521 1222.011        
70.600 0 0 0 3 804.999 1505.628 -1818.975 51.406 -749.359 1215.846        
70.800 0 0 0 3 804.151 1500.999 -1819.001 45.295 -750.042 1210.339        
71.000 0 0 0 3 803.458 1496.796 -1819.020 39.878 -750.600 1205.416        
71.200 0 0 0 3 802.891 1492.983 -1819.033 35.069 -751.057 1201.013        
71.400 0 0 0 3 802.428 1489.527 -1819.043 30.797 -751.429 1197.073        
71.600 0 0 0 3 802.048 1486.396 -1819.050 26.997 -751.734 1193.546        
71.800 0 0 0 3 801.738 1483.562 -1819.055 23.614 -751.983 1190.387        
72.000 0 0 0 3 801.483 1480.998 -1819.058 20.600 -752.187 1187.556        
72.200 0 0 0 3 801.275 1478.679 -1819.061 17.913 -752.354 1185.019        
72.400 0 0 0 3 801.105 1476.583 -1819.063 15.514 -752.490 1182.743        
72.600 0 0 0 3 800.965 1474.689 -1819.064 13.373 -752.602 1180.703        
72.800 0 0 0 3 800.851 1472.979 -1819.065 11.459 -752.694 1178.872        
73.000 0 0 0 3 800.757 1471.435 -1819.066 9.748 -752.769 1177.228        
73.200 0 0 0 3 800.681 1470.041 -1819.066 8.217 -752.830 1175.753        
73.400 0 0 0 3 800.618 1468.783 -1819.066 6.847 -752.880 1174.429        
73.600 0 0 0 3 800.566 1467.648 -1819.067 5.620 -752.921 1173.239        
73.800 0 0 0 3 800.524 1466.624 -1819.067 4.521 -752.955 1172.171        
74.000 0 0 0 3 800.489 1465.701 -1819.067 3.536 -752.983 1171.211        
74.200 0 0 0 3 800.461 1464.869 -1819.067 2.653 -753.005 1170.349        
74.400 0 0 0 3 800.438 1464.118 -1819.067 1.861 -753.024 1169.574        
74.600 0 0 0 3 800.419 1463.442 -1819.067 1.151 -753.039 1168.877        
74.800 0 0 0 3 800.403 1462.832 -1819.067 0.513 -753.052 1168.251        
75.000 0 0 0 2 800.390 1462.283 -753.062 1167.688          
75.200 0 0 0 2 800.380 1461.788 -753.070 1167.182          
