21.819 0 0 0 9 291.220 100.275 -367.226 769.905 405.658 1178.116 -274.662 1238.920 -1289.967 1564.855 -206.733 2362.974 564.004 2349.246 -835.014 2731.206 -1539.803 2512.731    
22.033 0 0 0 9 291.220 100.275 -367.226 769.905 415.923 1174.531 -274.662 1238.920 -1289.967 1564.855 -206.733 2362.974 564.004 2349.246 -835.306 2732.163 -1540.326 2513.583    
22.246 0 0 0 10 292.084 97.730 -367.226 769.905 405.658 1178.116 -274.662 1238.920 -1289.967 1564.855 -206.646 2361.978 564.004 2349.246 -835.598 2733.119 -1539.803 2512.731 -2210.480 4338.311  
22.460 0 0 0 9 292.165 100.601 -367.226 769.905 415.923 1174.531 -274.445 1237.943 -1289.331 1564.083 -206.733 2362.974 563.771 2348.273 -835.306 2732.163 -1540.326 2513.583    
22.673 0 0 0 9 292.165 100.601 -367.226 769.905 415.923 1174.531 -274.662 1238.920 -1290.603 1565.626 -206.646 2361.978 564.004 2349.246 -835.014 2731.206 -1540.326 2513.583    
22.887 0 0 0 9 291.220 100.275 -367.226 769.905 415.923 1174.531 -274.662 1238.920 -1289.967 1564.855 -206.646 2361.978 563.771 2348.273 -835.306 2732.163 -1539.803 2512.731    
23.100 0 0 0 9 291.220 100.275 -367.226 769.905 415.923 1174.531 -274.878 1239.896 -1289.331 1564.083 -206.646 2361.978 564.004 2349.246 -835.598 2733.119 -1539.803 2512.731    
23.314 0 0 0 9 292.165 100.601 -367.226 769.905 405.658 1178.116 -274.662 1238.920 -1289.967 1564.855 -206.646 2361.978 584.725 2345.205 -835.306 2732.163 -1540.326 2513.583    
23.528 0 0 0 9 292.165 100.601 -367.226 769.905 415.923 1174.531 -274.662 1238.920 -1289.967 1564.855 -206.733 2362.974 564.004 2349.246 -835.014 2731.206 -1539.803 2512.731    
23.742 0 0 0 9 292.165 100.601 -367.226 769.905 405.658 1178.116 -274.662 1238.920 -1291.239 1566.398 -206.733 2362.974 564.004 2349.246 -835.598 2733.119 -1540.326 2513.583    
23.955 0 0 0 9 291.220 100.275 -360.071 772.174 416.257 1175.474 -274.662 1238.920 -1291.239 1566.398 -206.821 2363.970 564.004 2349.246 -835.306 2732.163 -1539.803 2512.731    
24.169 0 0 0 10 292.084 97.730 -360.071 772.174 405.658 1178.116 -274.878 1239.896 -1291.239 1566.398 -206.733 2362.974 564.004 2349.246 -835.598 2733.119 -1539.803 2512.731 -2210.934 4339.202  
24.382 0 0 0 10 291.220 100.275 -367.226 769.905 415.923 1174.531 -274.662 1238.920 -1291.239 1566.398 -206.646 2361.978 564.004 2349.246 -835.306 2732.163 -1539.803 2512.731 -2210.934 4339.202  
24.596 0 0 0 9 291.220 100.275 -360.071 772.174 405.658 1178.116 -274.445 1237.943 -1290.603 1565.626 -206.733 2362.974 564.237 2350.218 -835.306 2732.163 -1540.326 2513.583    
24.809 0 0 0 9 291.220 100.275 -365.934 767.197 415.256 1172.646 -274.229 1236.967 -1288.694 1563.311 -206.472 2359.985 584.967 2346.175 -834.721 2730.250 -1540.326 2513.583    
25.023 0 0 0 10 290.884 91.715 -364.212 763.587 413.253 1166.990 -272.930 1231.109 -1286.150 1560.225 -206.123 2356.000 583.758 2341.324 -833.259 2725.469 -1537.713 2509.320 -2205.486 4328.510  
25.237 0 0 0 9 290.301 83.242 -360.338 755.464 410.582 1159.449 -270.550 1220.370 -1281.698 1554.824 -205.252 2346.039 582.064 2334.532 -831.505 2719.731 -1535.101 2505.057    
25.451 0 0 0 9 -362.095 742.404 406.911 1149.080 -279.614 1211.142 -1275.973 1547.879 -204.119 2333.088 579.887 2325.799 -827.997 2708.255 -1551.074 2482.237 2056.396 2679.948    
25.665 0 0 0 9 -361.866 725.792 411.792 1131.390 -275.340 1192.629 -1281.718 1527.493 -202.724 2317.149 576.016 2310.274 -846.788 2685.667 -1543.125 2469.516 2047.265 2668.047    
25.878 0 0 0 10 -360.468 707.459 414.295 1108.083 -271.516 1176.065 -1283.959 1503.323 -201.068 2298.221 591.398 2286.765 -840.473 2665.639 -1533.586 2454.251 -3613.432 3032.029 -4163.649 3951.155  
26.092 0 0 0 9 -363.371 683.401 407.641 1090.286 -275.932 1149.341 -1286.532 1479.985 -199.238 2277.301 585.889 2265.465 -834.158 2645.611 -1544.736 2424.750 -4179.922 3698.082    
26.305 0 0 0 8 -364.577 657.714 417.445 1059.746 -1286.808 1454.472 -196.885 2250.404 580.381 2244.166 -827.242 2623.675 -1532.916 2406.196 -4180.671 3698.745      
26.519 0 0 0 10 -363.000 628.734 407.549 1034.624 -273.856 1098.375 -1284.731 1426.838 -213.736 2219.734 574.121 2219.963 -841.144 2588.776 -1540.784 2372.599 -4190.148 3642.440 -4162.865 3881.935  
26.732 0 0 0 9 -364.704 595.143 413.298 997.790 -275.418 1064.962 -1280.919 1397.878 -210.573 2186.885 585.190 2183.958 -853.867 2551.939 -1547.631 2338.216 -2211.681 4159.566    
26.946 0 0 0 9 -369.798 558.704 401.052 968.226 -284.074 1024.339 -1287.223 1356.450 -207.123 2151.051 576.390 2151.117 -843.713 2521.593 2037.739 2516.399 -2232.626 4111.985    
27.160 0 0 0 8 -369.908 518.592 403.135 927.148 -283.631 989.138 -1280.950 1326.463 -203.481 2113.226 585.519 2111.314 -852.989 2477.259 -2214.971 4079.469      
27.373 0 0 0 9 -367.692 479.185 402.252 882.662 -280.607 947.314 -1293.123 1270.748 -217.733 2071.589 574.028 2069.878 -861.222 2432.015 -1555.539 2221.540 2040.851 2432.191    
27.587 0 0 0 9 -369.536 432.671 399.945 838.502 -283.265 898.401 -1294.068 1228.025 -230.482 2022.912 561.735 2025.551 -869.415 2388.699 -1552.219 2176.131 2038.617 2386.914    
27.800 0 0 0 9 -368.958 388.801 394.885 792.017 -294.314 854.749 -1292.447 1184.310 -225.048 1975.221 550.778 1986.042 -874.468 2338.870 -1567.358 2118.163 2037.063 2343.373    
28.014 0 0 0 9 -375.976 332.635 388.792 746.863 -292.085 802.497 -1310.179 1118.999 -219.841 1929.517 569.735 1923.392 -1561.108 2071.661 2028.943 2293.302 -2248.000 3893.650    
28.228 0 0 0 8 -371.289 284.900 390.492 690.192 -294.300 747.125 -230.333 1875.912 554.114 1870.657 -1571.168 2011.003 2023.451 2247.270 -2257.531 3832.527      
28.441 0 0 0 10 -374.309 229.377 388.739 634.364 -300.258 690.546 -1315.380 1009.326 -239.255 1817.318 539.061 1819.840 -862.011 2188.342 -1578.965 1949.859 2011.908 2195.612 -2269.773 3777.536  
28.655 0 0 0 10 -374.904 170.854 383.596 579.551 -300.927 630.907 -1305.464 965.992 -231.945 1761.798 552.998 1753.885 -878.641 2121.227 -1566.025 1899.740 2024.451 2133.326 -2276.526 3714.953  
28.869 0 0 0 10 -376.816 111.618 383.661 518.488 -300.137 576.557 -1310.361 900.586 -253.937 1699.129 535.557 1698.570 -877.191 2066.533 -1586.351 1824.888 2009.647 2081.050 -3826.977 503.831  
29.083 0 0 0 10 -377.740 49.730 379.103 459.888 -303.000 514.393 -1314.847 837.650 -244.477 1635.832 547.668 1636.807 -890.347 1999.751 -1587.178 1762.740 1999.694 2034.904 -2867.958 876.823  
29.296 0 0 0 10 -306.426 445.852 377.907 398.231 -1315.708 775.011 -263.251 1573.126 528.947 1580.856 -883.711 1939.127 -1601.113 1687.221 -377.743 2869.241 -2869.691 795.836 -3828.470 813.766  
29.510 0 0 0 10 -311.678 378.096 374.478 331.310 -1326.081 690.314 -252.358 1508.031 535.760 1512.940 -891.158 1868.352 -1594.569 1622.645 -394.417 2806.420 -2872.494 742.877 -1232.932 2835.550  
29.723 0 0 0 9 -310.503 315.970 372.051 265.381 -266.428 1437.519 -1323.190 631.129 529.105 1453.704 -896.858 1798.818 1998.759 1831.525 -385.092 2740.072 -2885.110 666.080    
29.937 0 0 0 10 -314.168 241.070 368.224 199.930 -254.219 1371.641 -1329.463 550.681 519.708 1390.022 -900.410 1729.671 -1608.002 1473.462 1994.469 1764.557 -398.199 2664.409 -2888.818 587.737  
30.151 0 0 0 10 -314.617 170.823 364.802 129.183 -263.963 1297.420 518.599 1316.541 -1335.723 473.004 -901.353 1660.086 -1602.765 1418.007 1987.701 1697.657 -411.423 2597.620 -1250.635 2622.010  
30.364 0 0 0 10 -315.680 99.534 361.838 67.063 -271.632 1225.251 517.771 1250.009 -928.288 1575.920 -1614.239 1330.676 -422.852 2526.864 1980.760 1632.813 -1268.094 2543.403 -2893.860 432.490  
30.578 0 0 0 10 -276.399 1151.286 514.785 1183.925 -1337.068 333.368 -921.687 1504.057 -1624.788 1246.743 -411.629 2459.796 1970.607 1567.492 -1282.276 2463.229 -2897.242 355.737 537.230 2898.635  
30.791 0 0 0 10 -278.923 1078.516 507.999 1114.703 -1337.958 260.073 -929.154 1430.772 -1624.506 1180.273 -441.374 2381.443 1958.789 1503.032 -1295.486 2385.988 523.745 2825.875 -2371.781 2981.737  
31.005 0 0 0 10 -296.796 1001.967 495.949 1039.778 -1342.416 176.732 -932.305 1356.512 -1632.375 1101.051 -448.210 2305.842 1946.137 1440.066 -1305.907 2308.183 510.624 2755.080 1153.025 2783.649  
31.218 0 0 0 10 -293.790 931.781 481.447 965.634 -944.579 1276.525 -1637.581 1023.274 -453.961 2231.289 1933.524 1379.170 -1314.524 2231.620 1127.385 2721.749 2288.905 2288.905 -2406.854 2818.065  
31.432 0 0 0 9 -303.764 857.804 468.675 900.316 -955.560 1201.304 -1651.065 934.127 -477.466 2153.709 1921.862 1320.859 -1343.345 2149.802 463.467 2628.452 1127.259 2655.657    
31.646 0 0 0 10 -324.898 784.374 454.732 837.513 -964.430 1129.203 -1656.049 862.085 -499.340 2079.899 1910.432 1264.488 -1368.252 2067.203 451.138 2558.531 1077.254 2600.721 2252.253 2174.975  
31.859 0 0 0 10 -326.778 717.049 454.754 772.020 -971.499 1060.205 -1663.465 793.432 -520.540 2012.779 1900.161 1210.536 -1374.668 2000.154 1076.855 2536.911 1092.932 3174.106 -459.583 3490.877  
32.073 0 0 0 10 -327.063 655.987 454.555 713.509 -977.768 994.984 -1675.319 711.131 -524.109 1956.000 1892.009 1159.424 -1379.750 1934.338 408.163 2439.084 1053.020 2480.761 1071.119 3110.756  
32.287 0 0 0 10 -335.340 592.712 449.727 654.356 -1001.223 917.452 -1676.612 660.435 -525.658 1895.461 1881.798 1108.464 -1387.127 1874.594 397.105 2373.003 1051.501 2418.287 1052.887 3057.807  
32.500 0 0 0 10 -340.648 534.710 443.143 598.873 -989.371 875.321 -1678.844 594.510 -543.037 1833.263 1874.746 1060.680 -1393.455 1815.986 388.027 2318.757 1029.969 2368.766 1035.307 3006.749  
32.714 0 0 0 10 -343.776 481.956 426.742 556.141 -1009.565 803.044 -1686.172 531.648 -561.117 1779.636 1868.365 1014.440 -1402.525 1763.216 379.775 2269.443 1010.829 2324.747 1019.679 2961.364  
32.928 0 0 0 10 -345.496 434.348 428.636 501.868 -1000.419 767.648 -1687.976 484.019 -562.720 1731.874 1865.384 971.057 371.687 2221.115 1013.994 2277.469 2192.250 1872.359 1005.680 2920.707  
33.141 0 0 0 10 -345.888 390.955 420.893 459.324 -1006.247 717.749 -1689.418 436.913 -563.850 1685.171 1863.253 928.984 364.755 2179.691 1016.413 2230.315 2189.355 1837.087 991.355 2879.104  
33.355 0 0 0 10 -346.950 353.059 414.938 422.244 -1012.337 670.052 -580.490 1639.254 -1696.378 391.640 1862.936 888.575 357.988 2139.253 1002.728 2200.286 2206.317 1786.641 1004.091 2835.466  
33.568 0 0 0 10 -347.258 318.203 417.299 382.384 -1007.853 642.073 -568.807 1606.261 -1693.173 359.895 1854.306 864.677 -1436.980 1568.189 352.212 2104.733 987.385 2166.618 991.073 2798.703  
33.782 0 0 0 10 -352.174 280.132 406.683 359.803 -1016.722 598.895 -586.247 1567.989 -1694.289 329.336 1856.324 826.489 347.095 2074.159 -1434.925 1538.768 994.843 2133.449 980.391 2768.538  
33.996 0 0 0 10 -348.070 257.558 407.739 324.330 -1013.964 573.673 -576.441 1541.762 -1699.370 284.377 1851.544 805.074 342.474 2046.543 -1431.778 1508.779 982.587 2107.166 972.046 2744.972  
34.210 0 0 0 10 -353.381 225.129 404.110 304.518 -1012.397 549.687 -581.273 1514.267 -1696.849 268.754 1849.294 784.979 338.513 2022.872 -1433.775 1484.717 990.606 2076.849 987.412 2712.893  
34.423 0 0 0 10 -350.683 206.568 408.604 270.449 -586.768 1489.599 -1699.300 238.821 1846.835 764.984 352.159 1997.190 -1434.761 1460.024 981.996 2058.797 977.836 2686.581 -576.434 2965.496  
34.637 0 0 0 10 -348.890 189.432 398.597 263.826 -579.438 1470.990 -1699.336 223.722 1851.531 729.337 348.338 1975.524 -1438.962 1438.962 972.955 2039.843 2171.490 1636.335 972.021 2670.606  
34.850 0 0 0 10 -352.911 168.330 399.888 245.052 -587.383 1453.824 -1699.239 208.640 1845.018 726.772 345.560 1959.767 -1442.906 1417.939 985.458 2020.489 2169.893 1635.131 967.233 2657.451  
35.064 0 0 0 10 -352.151 153.120 398.073 234.483 -581.764 1439.917 342.955 1944.995 1844.755 708.135 -1434.347 1409.529 980.198 2009.703 2167.198 1603.642 963.129 2646.174 -592.522 2912.336  
35.277 0 0 0 10 -351.074 145.420 399.701 221.558 -590.481 1425.546 340.871 1933.178 1848.054 690.959 -1442.276 1392.790 974.061 1997.120 2164.787 1601.858 983.382 2630.176 -590.328 2901.557  
35.491 0 0 0 10 -350.767 138.171 398.104 216.153 -587.419 1418.155 339.656 1926.284 1843.371 689.208 -1438.680 1389.317 970.992 1990.829 2168.806 1604.832 979.880 2620.809 -588.534 2892.738  
35.704 0 0 0 10 -350.093 134.388 400.042 208.249 -585.888 1414.460 338.788 1921.360 1843.371 689.208 -1435.083 1385.843 968.800 1986.335 2169.784 1576.440 976.728 2612.379 -587.936 2889.798  
35.918 0 0 0 10 -350.315 130.978 398.268 207.325 -584.740 1411.688 338.440 1919.390 1842.434 688.858 -1435.083 1385.843 968.362 1985.436 2168.975 1575.852 976.028 2610.505 -587.139 2885.878  
36.132 0 0 0 10 -352.385 128.258 398.268 207.325 -585.123 1412.612 338.267 1918.406 1842.434 688.858 -1434.364 1385.149 968.800 1986.335 2169.784 1576.440 976.728 2612.379 -587.139 2885.878  
36.346 0 0 0 10 -350.315 130.978 399.155 207.787 -585.506 1413.536 338.093 1917.421 1844.308 689.558 -1435.083 1385.843 967.923 1984.537 2173.020 1578.791 976.728 2612.379 -587.537 2887.838  
36.559 0 0 0 10 -350.315 130.978 400.062 203.842 -585.506 1413.536 338.440 1919.390 1843.371 689.208 -1447.847 1373.956 968.362 1985.436 2172.211 1578.203 976.728 2612.379 -587.537 2887.838  
36.773 0 0 0 10 -350.315 130.978 400.062 203.842 -585.123 1412.612 338.093 1917.421 1842.434 688.858 -1434.364 1385.149 968.800 1986.335 2171.402 1577.616 977.079 2613.315 -587.139 2885.878  
36.987 0 0 0 10 -350.093 134.388 399.155 207.787 -585.506 1413.536 338.614 1920.375 1843.371 689.208 -1434.364 1385.149 968.362 1985.436 2173.829 1579.379 976.378 2611.442 -587.139 2885.878  
37.200 0 0 0 10 -350.315 130.978 400.062 203.842 -585.506 1413.536 338.267 1918.406 1842.434 688.858 -1435.802 1386.538 985.651 1976.910 2172.211 1578.203 976.378 2611.442 -586.939 2884.898  
37.414 0 0 0 10 -349.159 134.030 400.062 203.842 -585.123 1412.612 338.093 1917.421 1841.498 688.508 -1435.083 1385.843 968.362 1985.436 2173.020 1578.791 976.378 2611.442 -587.338 2886.858  
37.628 0 0 0 10 -352.385 128.258 400.953 204.296 -585.123 1412.612 338.267 1918.406 1843.371 689.208 -1435.083 1385.843 968.362 1985.436 2170.593 1577.028 976.728 2612.379 -587.139 2885.878  
37.841 0 0 0 10 -352.385 128.258 399.155 207.787 -585.123 1412.612 338.267 1918.406 1842.434 688.858 -1435.802 1386.538 967.923 1984.537 2171.402 1577.616 976.378 2611.442 -587.537 2887.838  
38.055 0 0 0 10 -350.315 130.978 400.062 203.842 -585.506 1413.536 338.788 1921.360 1844.308 689.558 -1435.083 1385.843 968.362 1985.436 2172.211 1578.203 976.378 2611.442 -587.537 2887.838  
38.268 0 0 0 10 -350.315 130.978 399.155 207.787 -585.506 1413.536 338.440 1919.390 1843.371 689.208 -1435.083 1385.843 967.923 1984.537 2171.402 1577.616 976.378 2611.442 -587.139 2885.878  
38.482 0 0 0 10 -352.385 128.258 400.953 204.296 -585.123 1412.612 338.267 1918.406 1842.434 688.858 -1435.802 1386.538 968.800 1986.335 2171.402 1577.616 976.028 2610.505 -587.338 2886.858  
38.696 0 0 0 10 -350.315 130.978 400.953 204.296 -585.506 1413.536 338.614 1920.375 1842.434 688.858 -1435.083 1385.843 967.923 1984.537 2173.020 1578.791 976.028 2610.505 -586.939 2884.898  
38.909 0 0 0 10 -350.315 130.978 398.268 207.325 -585.123 1412.612 338.267 1918.406 1842.434 688.858 -1434.364 1385.149 968.800 1986.335 2171.402 1577.616 976.378 2611.442 -586.939 2884.898  
39.123 0 0 0 10 -350.315 130.978 400.062 203.842 -585.123 1412.612 338.440 1919.390 1842.434 688.858 -1435.802 1386.538 968.800 1986.335 2171.402 1577.616 976.378 2611.442 -587.139 2885.878  
39.336 0 0 0 10 -350.315 130.978 400.062 203.842 -585.888 1414.460 338.440 1919.390 1841.498 688.508 -1435.083 1385.843 967.485 1983.638 2172.211 1578.203 976.728 2612.379 -587.338 2886.858  
39.550 0 0 0 10 -350.315 130.978 400.953 204.296 -585.506 1413.536 338.093 1917.421 1843.371 689.208 -1434.364 1385.149 968.362 1985.436 2172.211 1578.203 976.378 2611.442 -587.338 2886.858  
39.764 0 0 0 10 -348.907 137.438 400.953 204.296 -585.123 1412.612 338.267 1918.406 1842.434 688.858 -1433.644 1384.454 985.651 1976.910 2171.402 1577.616 976.728 2612.379 -587.139 2885.878  
39.977 0 0 0 10 -351.252 131.328 400.042 208.249 -585.506 1413.536 338.267 1918.406 1842.434 688.858 -1447.122 1373.267 967.923 1984.537 2170.593 1577.028 976.378 2611.442 -586.939 2884.898  
40.191 0 0 0 10 -351.252 131.328 400.042 208.249 -585.506 1413.536 338.440 1919.390 1843.371 689.208 -1434.364 1385.149 968.800 1986.335 2171.402 1577.616 976.378 2611.442 -587.338 2886.858  
40.405 0 0 0 10 -351.252 131.328 400.953 204.296 -585.123 1412.612 338.093 1917.421 1842.434 688.858 -1433.644 1384.454 968.362 1985.436 2173.020 1578.791 975.678 2609.569 -587.338 2886.858  
40.618 0 0 0 10 -351.252 131.328 400.062 203.842 -585.506 1413.536 338.267 1918.406 1843.371 689.208 -1435.083 1385.843 968.800 1986.335 2173.020 1578.791 976.378 2611.442 -587.338 2886.858  
40.832 0 0 0 10 -351.252 131.328 399.155 207.787 -585.506 1413.536 338.267 1918.406 1843.371 689.208 -1434.364 1385.149 985.205 1976.015 2171.402 1577.616 976.728 2612.379 -587.338 2886.858  
41.045 0 0 0 10 -351.252 131.328 399.155 207.787 -585.506 1413.536 338.267 1918.406 1843.371 689.208 -1447.847 1373.956 967.923 1984.537 2170.593 1577.028 976.378 2611.442 -587.139 2885.878  
41.259 0 0 0 10 -351.252 131.328 400.042 208.249 -585.506 1413.536 338.440 1919.390 1842.434 688.858 -1433.644 1384.454 968.362 1985.436 2172.211 1578.203 977.079 2613.315 -587.139 2885.878  
41.473 0 0 0 10 -351.252 131.328 400.953 204.296 -585.506 1413.536 338.267 1918.406 1843.371 689.208 -1435.083 1385.843 968.362 1985.436 2169.784 1576.440 976.028 2610.505 -587.537 2887.838  
41.686 0 0 0 10 -351.252 131.328 399.155 207.787 -585.506 1413.536 338.440 1919.390 1843.371 689.208 -1434.364 1385.149 967.923 1984.537 2171.402 1577.616 976.028 2610.505 -587.737 2888.818  
41.900 0 0 0 10 -351.252 131.328 400.953 204.296 -585.123 1412.612 338.440 1919.390 1843.371 689.208 -1435.083 1385.843 968.362 1985.436 2169.784 1576.440 976.028 2610.505 -587.338 2886.858  
42.114 0 0 0 10 -348.907 137.438 399.155 207.787 -585.506 1413.536 338.440 1919.390 1842.434 688.858 -1447.122 1373.267 985.651 1976.910 2171.402 1577.616 976.378 2611.442 -587.338 2886.858  
42.328 0 0 0 10 -351.252 131.328 399.155 207.787 -585.123 1412.612 338.440 1919.390 1841.498 688.508 -1434.364 1385.149 985.651 1976.910 2171.402 1577.616 976.378 2611.442 -587.139 2885.878  
42.541 0 0 0 10 -351.252 131.328 399.155 207.787 -585.506 1413.536 338.267 1918.406 1842.434 688.858 -1434.364 1385.149 985.651 1976.910 2171.402 1577.616 976.728 2612.379 -587.338 2886.858  
42.755 0 0 0 10 -351.252 131.328 398.209 211.732 -585.888 1414.460 338.267 1918.406 1843.371 689.208 -1434.364 1385.149 967.923 1984.537 2172.211 1578.203 976.378 2611.442 -587.139 2885.878  
42.968 0 0 0 10 -351.252 131.328 399.155 207.787 -585.123 1412.612 338.788 1921.360 1843.371 689.208 -1435.083 1385.843 968.362 1985.436 2172.211 1578.203 975.678 2609.569 -586.939 2884.898  
43.182 0 0 0 10 -351.252 131.328 399.155 207.787 -585.123 1412.612 338.440 1919.390 1843.371 689.208 -1447.122 1373.267 968.362 1985.436 2173.020 1578.791 976.378 2611.442 -587.338 2886.858  
43.395 0 0 0 10 -351.252 131.328 399.155 207.787 -585.888 1414.460 338.614 1920.375 1843.371 689.208 -1434.364 1385.149 968.800 1986.335 2169.784 1576.440 976.028 2610.505 -587.338 2886.858  
43.609 0 0 0 10 -351.252 131.328 399.155 207.787 -585.506 1413.536 338.093 1917.421 1843.371 689.208 -1433.644 1384.454 985.205 1976.015 2172.211 1578.203 976.028 2610.505 -587.139 2885.878  
43.823 0 0 0 10 -349.379 130.627 400.062 203.842 -583.975 1409.840 337.572 1914.466 1847.436 672.412 -1446.396 1372.579 984.312 1974.225 2171.402 1577.616 975.328 2608.632 -586.540 2882.938  
44.036 0 0 0 10 -352.678 121.437 399.963 195.075 -581.679 1404.297 336.704 1909.542 1843.677 671.044 -1442.044 1368.449 982.081 1969.751 2168.806 1604.832 972.876 2602.075 -585.145 2876.079  
44.250 0 0 0 10 -350.968 110.660 400.383 182.465 -590.004 1389.962 334.794 1898.709 1846.635 653.928 -1436.241 1362.942 976.727 1959.011 2167.357 1574.677 968.674 2590.835 -582.952 2865.300  
44.464 0 0 0 10 -353.374 91.389 398.579 169.187 -1018.975 411.693 -584.924 1377.996 332.363 1884.922 -1441.498 1344.219 969.142 1943.797 2169.618 1547.573 963.771 2577.722 -579.762 2849.621  
44.678 0 0 0 10 -351.467 77.918 399.022 149.188 -1019.470 391.338 -589.351 1355.415 344.972 1861.302 -1443.589 1322.806 979.711 1922.792 2164.733 1544.089 958.167 2562.735 -577.370 2837.862  
44.891 0 0 0 10 -352.090 52.620 396.746 125.094 -1018.627 370.750 -593.835 1333.776 340.598 1837.703 -1443.187 1299.452 986.295 1894.655 2164.200 1515.389 951.513 2544.938 -597.330 2810.218  
45.105 0 0 0 10 394.036 101.905 -1020.396 341.420 -594.255 1303.975 335.496 1810.172 -1441.740 1275.544 974.290 1871.593 2157.562 1482.852 962.218 2506.663 -590.885 2779.895 -1950.942 2284.260  
45.319 0 0 0 10 394.514 66.019 -1022.102 302.760 -592.511 1270.644 329.117 1775.758 -1445.532 1234.601 1838.057 544.457 959.052 1842.322 2170.605 1436.692 952.184 2480.523 -584.440 2749.573  
45.532 0 0 0 10 392.785 30.913 -1022.364 264.401 -588.078 1232.931 322.375 1739.378 -1446.796 1192.647 1834.752 508.822 958.661 1802.979 2154.545 1399.178 957.668 2431.181 -599.321 2703.364  
45.746 0 0 0 10 -1025.099 217.891 -591.212 1185.788 329.336 1694.289 -1447.825 1151.652 1838.710 458.442 955.272 1759.392 2157.395 1374.412 943.374 2394.895 -614.566 2661.979 -1952.523 2168.497  
45.959 0 0 0 10 -1025.737 171.650 -612.672 1128.401 319.987 1646.189 -1455.114 1096.507 1832.790 423.133 950.227 1714.255 947.005 2343.921 2148.106 1342.285 -625.400 2604.979 -1962.109 2104.105  
46.173 0 0 0 10 -608.143 1074.889 309.874 1594.163 -1458.081 1040.039 1829.519 372.220 940.037 1661.509 928.650 2298.489 2129.895 1305.201 -636.497 2552.848 -1933.588 2037.577 -2584.359 1552.840  
46.386 0 0 0 10 -621.251 1013.789 299.570 1541.155 -1470.141 973.065 1823.938 338.047 945.036 1604.353 929.155 2243.180 2129.086 1254.127 -643.727 2489.108 -1985.556 1985.556 -2146.383 2036.841  
46.600 0 0 0 10 -629.208 950.630 288.312 1483.239 -1477.625 905.490 915.599 1554.379 1818.800 271.822 905.046 2184.975 2122.798 1201.021 -672.372 2424.494 -1988.255 1920.036 778.733 2808.019  
46.814 0 0 0 10 -633.547 888.200 276.101 1420.415 -1484.827 840.075 902.347 1501.757 1816.359 223.021 882.468 2130.466 2103.009 1141.841 -677.792 2363.743 -2012.767 1844.361 714.585 2763.093  
47.027 0 0 0 10 -636.156 829.054 252.214 1360.825 -1496.891 762.704 885.635 1445.225 1809.630 174.248 860.272 2076.881 2089.798 1087.880 -682.205 2303.085 -2030.169 1764.799 723.917 2701.695  
47.241 0 0 0 10 -648.799 759.646 240.369 1296.913 881.709 1384.005 -1505.986 686.317 1804.593 126.189 836.929 2020.525 2079.827 1036.964 -704.554 2234.559 -2045.577 1686.243 -347.461 2639.226  
47.454 0 0 0 10 -655.314 690.556 240.038 1234.887 874.268 1320.875 -1508.695 624.922 1801.284 78.646 830.694 1956.993 -724.407 2165.023 2071.433 988.023 -362.268 2577.668 -2061.436 1610.570  
47.668 0 0 0 10 -656.464 622.961 237.248 1166.110 863.203 1255.968 -1513.845 550.994 820.626 1887.310 -724.064 2102.833 -374.401 2505.177 -2069.931 1531.669 673.965 2515.271 -2227.420 1588.803  
47.882 0 0 0 10 -667.455 550.208 223.890 1100.455 852.472 1195.122 -1518.317 478.724 815.914 1832.572 -738.764 2029.736 2056.408 872.893 -386.237 2438.603 657.400 2453.452 -2068.668 1475.566  
48.096 0 0 0 10 -661.574 489.539 228.560 1030.969 853.374 1132.465 -1521.333 407.640 804.505 1765.325 -751.498 1957.718 2064.838 834.249 -395.454 2363.140 659.544 2378.240 -2649.616 886.549  
48.309 0 0 0 10 -669.323 410.161 213.409 962.628 844.752 1061.999 -1523.022 337.646 806.778 1691.445 -760.826 1883.110 2056.047 748.340 -405.121 2297.556 640.303 2308.859 -2656.615 812.209  
48.522 0 0 0 10 -665.258 346.311 214.303 892.636 846.231 990.809 -1523.498 268.634 808.064 1620.726 -768.177 1809.713 2054.069 687.282 619.993 2235.623 -2082.917 1251.543 -2661.547 738.112  
48.736 0 0 0 10 -664.269 275.149 212.573 821.957 843.137 920.122 -1523.851 200.619 805.290 1546.947 -754.832 1735.995 2053.255 588.761 -398.367 2149.395 -2083.632 1178.862 -1108.105 2376.339  
48.950 0 0 0 10 -662.833 208.991 220.964 745.962 852.334 837.587 829.734 1466.549 -730.110 1679.137 2072.120 497.472 -2072.251 1125.140 -2644.846 634.971 -1335.166 2408.703 -347.693 2831.734  
49.163 0 0 0 10 -654.118 145.015 237.003 669.275 874.467 746.865 848.015 1383.835 -701.798 1614.026 -337.357 2015.968 2073.685 384.335 -2038.856 1107.008 -1302.683 2350.103 -290.276 2761.787  
49.377 0 0 0 10 265.818 583.285 -639.893 95.633 898.009 652.442 899.368 1284.430 -645.204 1557.661 -274.589 1953.799 753.527 1912.939 2088.317 256.413 -1999.309 1085.536 -1228.607 2310.674  
49.591 0 0 0 10 302.527 493.679 934.441 539.500 962.386 1167.468 -565.585 1512.726 -181.244 1882.294 858.439 1799.755 2112.101 110.691 -1948.653 1080.156 -1116.970 2290.127 -91.646 2624.400  
49.804 0 0 0 10 334.577 405.875 974.835 423.870 1027.533 1045.625 -486.745 1454.728 -79.126 1812.273 951.855 1682.398 -1885.337 1088.500 -1003.826 2254.630 44.504 2549.612 -2526.865 653.492  
50.018 0 0 0 10 371.923 306.590 383.478 305.032 1010.286 289.695 -388.832 1402.082 30.385 1740.735 1064.844 1549.357 -1806.745 1107.174 -859.008 2237.792 -2471.404 708.664 2874.015 75.259  
50.231 0 0 0 10 405.364 211.019 1046.713 147.106 -275.526 1354.256 1164.105 770.504 159.296 1654.348 1164.659 1412.845 -1719.473 1138.094 -695.232 2204.994 375.912 2373.415 -2407.124 782.122  
50.445 0 0 0 10 435.633 116.727 445.191 98.696 445.064 127.620 -169.684 1288.878 1233.220 614.861 289.937 1564.359 1276.005 1253.927 -1621.270 1177.922 -541.179 2170.552 -2325.757 869.565  
50.659 0 0 0 10 -74.540 1218.723 1284.560 467.542 406.737 1466.646 1375.043 1093.758 -1515.129 1205.188 -374.385 2123.246 -2248.723 931.451 -1080.152 2264.586 943.672 2664.847 2814.342 395.530  
50.873 0 0 0 10 29.946 1143.608 1331.964 307.508 1451.739 942.770 -1422.720 1215.117 -217.315 2067.611 874.855 2012.030 -2161.544 1007.945 -884.974 2366.971 2917.221 127.369 -840.170 3499.559  
51.086 0 0 0 10 121.127 1063.122 1369.457 143.936 624.677 1252.908 1532.128 763.891 -1309.301 1242.480 -52.380 2000.314 -2077.827 1058.706 -767.364 2228.587 2318.064 2277.955 -852.043 3294.606  
51.300 0 0 0 10 198.969 977.965 1591.406 595.002 -1220.283 1241.769 50.364 1923.341 1136.117 1749.467 -2004.582 1088.399 -3002.913 638.289 2481.218 2081.989 -619.783 3344.050 -388.287 3407.951  
51.513 0 0 0 10 248.532 896.176 776.341 1030.240 -1151.617 1213.551 1626.455 466.378 177.315 1841.483 -1930.371 1114.500 -2924.879 515.735 -2958.011 1105.955 2592.899 1883.852 -3200.295 364.628  
51.727 0 0 0 10 301.529 806.475 837.056 913.487 -1085.673 1184.805 1660.718 307.796 262.066 1753.525 -385.793 2081.551 -1859.608 1139.569 -327.250 2189.681 1674.263 1926.019 -2016.536 2361.061  
51.941 0 0 0 10 355.620 713.263 890.288 801.618 -1021.097 1154.141 1686.201 162.363 355.113 1670.676 1396.239 1348.332 -299.610 2004.735 -1793.894 1142.836 -204.247 2121.189 1772.010 1772.010  
52.154 0 0 0 10 397.602 624.110 -957.936 1121.599 436.668 1574.572 -186.803 1940.027 -1730.313 1145.269 1860.359 1617.186 -2243.467 1752.788 -1792.807 2379.135 -1870.995 2394.765 2825.430 1287.623  
52.368 0 0 0 10 437.622 530.878 979.475 565.500 -896.870 1087.991 522.074 1474.291 1536.995 1056.348 -81.874 1875.214 17.313 1983.924 -1663.911 1143.574 -53.113 2028.305 1953.372 1445.419  
52.581 0 0 0 10 475.544 435.756 1018.854 443.010 -815.132 1062.300 599.719 1379.258 0.000 1810.000 1592.621 919.500 -1594.852 1137.597 2023.296 1288.982 -2659.917 838.668 -1500.731 2401.672  
52.795 0 0 0 10 504.365 346.641 -756.020 1021.702 689.972 1270.770 105.675 1727.771 1649.480 769.165 208.294 1828.172 -1534.563 1135.517 2103.181 1118.281 -1923.693 1825.516 -1380.000 2390.230  
53.009 0 0 0 10 524.896 256.009 -701.489 983.452 745.235 1169.784 173.622 1651.901 1686.947 630.723 -1470.877 1128.644 -1850.885 1818.860 -1926.594 1828.270 -1309.956 2363.222 542.879 2668.335  
53.222 0 0 0 10 542.692 160.753 -661.421 927.278 791.709 1069.933 261.931 1565.235 -1419.207 1108.806 2188.066 818.084 -1776.104 1807.377 -1210.705 2325.742 -1274.968 2348.199 -2505.598 936.805  
53.437 0 0 0 10 553.226 72.834 -624.836 875.988 829.345 971.038 302.641 1487.526 -1388.368 1065.333 1733.902 384.397 1296.714 1752.408 -1723.447 1784.682 -1140.928 2288.347 -2479.371 926.999  
53.650 0 0 0 10 -588.833 825.513 864.221 879.438 338.729 1410.909 -1347.114 1033.677 2244.294 559.565 -1667.883 1757.582 -1067.237 2237.509 -2471.878 924.197 1111.793 2439.606 -2400.214 1196.703  
53.863 0 0 0 10 -565.676 764.468 891.257 788.518 392.793 1326.048 -1309.033 1004.456 1765.257 154.440 2261.669 439.624 -1610.198 1726.726 -1005.631 2206.656 -2417.040 927.815 1169.038 2344.728  
54.077 0 0 0 10 -541.189 705.291 -610.285 871.578 909.183 697.641 430.401 1249.976 409.448 1260.150 -1285.367 951.122 2278.340 299.949 -1573.370 1687.233 -958.272 2152.313 -2383.831 891.278  
54.291 0 0 0 10 -527.945 640.448 -577.799 810.045 927.281 613.754 450.469 1173.511 -1265.950 902.993 -1516.024 1654.450 -870.222 2100.902 2289.919 180.221 -1003.521 2103.926 -869.215 2324.820  
54.504 0 0 0 10 -500.724 586.273 -556.159 751.606 940.855 532.310 494.314 1084.674 632.235 1164.433 -1228.500 876.281 -866.642 2041.680 2298.212 60.181 -804.475 2271.766 1340.357 2063.968  
54.718 0 0 0 10 -483.047 527.153 -533.884 695.771 958.189 436.672 505.096 1013.066 -1204.872 828.086 -766.292 1721.120 1535.367 1136.112 -743.762 2222.871 -2139.307 1090.031 1378.304 1968.422  
54.932 0 0 0 10 -472.885 464.703 -524.128 635.819 967.883 352.281 528.370 933.892 -1183.284 783.199 -724.929 1938.911 -686.211 2176.382 1416.673 1879.988 -2042.630 1227.336 -2162.498 1054.721  
55.145 0 0 0 10 -449.739 412.110 -502.541 578.108 560.768 847.228 980.012 271.781 -1169.458 730.759 -697.811 1604.855 1580.617 949.730 -1368.070 1492.987 -664.259 2106.761 -2089.696 1019.213  
55.359 0 0 0 10 -440.608 350.476 -491.485 517.917 572.220 773.310 987.764 200.963 -1153.721 679.594 -671.493 1544.329 -684.305 1830.257 -646.217 2049.538 297.208 2257.520 1191.798 1983.485  
55.572 0 0 0 10 -433.621 287.007 -488.544 455.575 577.559 700.635 568.256 727.334 989.598 112.750 -1145.099 621.738 1611.115 768.462 -644.366 1770.381 -1320.952 1391.993 -609.010 1991.983  
55.786 0 0 0 10 -430.200 223.948 -481.830 390.179 580.332 633.321 990.057 43.227 -622.135 1709.301 -1311.401 1334.492 -573.143 1934.898 357.658 2137.281 154.999 2216.587 -2133.102 776.386  
56.000 0 0 0 10 -428.996 160.395 -481.671 324.891 577.733 567.737 -663.428 1642.043 -1317.111 1271.919 1230.295 1466.209 -586.677 1860.702 324.758 2050.441 1396.140 1578.050 841.635 1982.767  
56.214 0 0 0 10 -430.760 103.416 -484.308 252.115 570.704 504.916 -1145.550 428.304 -637.206 1577.140 -1342.129 1187.415 1191.737 1395.345 -600.975 1796.125 295.914 1980.010 127.652 2087.100  
56.427 0 0 0 10 562.695 447.588 -1151.136 362.952 -653.151 1502.144 -1339.046 1123.593 1187.415 1342.129 -629.317 1729.034 289.559 1937.482 226.180 1985.157 123.867 2025.216 726.109 1994.967  
56.641 0 0 0 10 -493.755 127.694 556.041 396.620 -639.390 1436.093 -1346.710 1052.165 1174.851 1282.125 -639.328 1665.507 279.803 1872.207 103.154 1968.299 788.327 1813.028 705.246 1937.646  
56.854 0 0 0 10 -500.085 70.282 556.302 334.260 -1154.351 234.855 -641.957 1376.682 -1340.029 991.570 1183.003 1225.036 -632.581 1605.901 270.639 1810.888 116.542 1905.439 795.796 1746.216  
57.068 0 0 0 10 565.921 269.930 -1148.036 192.115 -635.434 1332.216 -1323.552 961.617 1201.220 1139.915 -584.846 1564.243 323.833 1747.244 145.149 1844.297 833.051 1670.842 1505.785 1155.429  
57.282 0 0 0 10 580.548 199.899 -1129.915 178.961 -611.865 1018.315 -593.841 1303.065 -571.729 1380.276 -1278.936 946.363 -538.430 1520.481 1256.313 1054.172 361.558 1700.999 565.120 1688.964  
57.495 0 0 0 10 599.604 127.450 -1110.665 165.990 -511.338 1265.606 -1228.904 942.971 -468.199 1484.937 1296.854 942.220 474.022 1600.270 303.190 1719.474 973.270 1498.704 1613.405 931.500  
57.709 0 0 0 10 -1078.010 180.397 -414.083 1237.562 -349.468 1455.638 -1152.897 967.395 849.471 1333.402 585.215 1524.537 424.144 1640.042 1428.256 927.520 1079.870 1382.171 1676.669 781.844  
57.922 0 0 0 10 -379.851 940.164 -1037.740 211.131 -347.303 1211.190 -237.999 1422.224 -1065.582 993.672 711.239 1426.525 552.117 1559.129 892.455 1400.873 1603.109 631.482 1144.305 1388.153  
58.136 0 0 0 10 -994.734 238.815 -218.318 1177.939 -84.857 1387.407 -963.008 1014.799 818.195 1309.386 695.275 1457.675 1007.838 1289.974 1588.954 609.942 1259.357 1259.357 1806.482 417.059  
58.350 0 0 0 10 -179.631 882.912 -942.520 279.187 -110.702 1149.683 35.077 1339.541 -859.978 1043.236 961.785 1209.130 842.572 1348.396 1425.111 943.260 1649.170 488.506 1386.782 1103.096  
58.563 0 0 0 10 -890.476 297.949 48.243 1104.947 191.561 1281.765 -736.328 1071.364 1081.873 1081.873 979.838 1231.825 1635.752 143.110 1510.878 925.867 1487.802 966.190 1802.525 568.334  
58.777 0 0 0 10 -822.253 340.588 156.678 1048.357 -616.514 1089.685 336.186 1212.247 1231.509 911.269 1122.889 1084.362 1385.182 832.302 1666.764 354.282 1624.729 591.353 -1590.119 1032.636  
58.991 0 0 0 10 139.046 750.223 -760.879 362.921 -475.708 1094.053 459.642 1137.655 1322.070 747.991 1241.878 935.822 1738.624 136.833 -1445.491 1170.536 -1261.602 1451.307 -1370.773 1495.936  
59.204 0 0 0 10 237.339 689.283 -688.451 389.507 -342.504 1086.284 602.000 1042.695 1007.557 705.499 1414.816 600.554 1356.885 767.688 1570.252 480.074 -1290.270 1267.945 1780.672 346.128  
59.418 0 0 0 10 330.977 622.478 -616.242 407.881 525.479 824.837 -199.548 1076.664 -1142.001 520.440 1499.117 401.687 1460.315 590.005 -1162.236 1313.668 -1215.321 1303.272 -959.617 1506.297  
59.631 0 0 0 10 -535.304 425.800 423.575 542.151 685.628 709.988 -63.613 1040.056 1575.516 221.424 1538.720 412.299 -1009.244 1339.312 -786.766 1544.114 1796.546 583.733 604.669 2041.327  
59.845 0 0 0 10 -456.260 432.975 505.338 455.009 60.743 993.144 805.254 617.893 1603.244 225.321 -855.478 1423.755 -536.562 1603.615 1875.890 364.636 1054.665 1790.465 -1215.992 1704.758  
60.059 0 0 0 10 -386.438 421.723 589.354 347.156 182.795 940.399 817.246 520.643 879.028 457.593 832.977 627.693 1049.825 558.202 -625.170 1472.808 -299.777 1617.454 1934.277 135.258  
60.272 0 0 0 10 -305.144 412.379 322.541 862.675 901.706 373.499 960.366 349.545 1133.677 390.356 -353.537 1367.024 -454.366 1441.066 -444.417 1602.517 -717.662 1504.610 -789.124 1814.862  
60.486 0 0 0 10 -223.068 394.271 705.122 124.332 442.689 782.450 -267.157 1441.452 67.348 1542.530 -511.495 1528.698 14.242 1631.938 1572.943 1273.744 1540.582 1315.782 1215.818 1643.083  
60.700 0 0 0 10 -152.308 367.704 745.886 13.019 543.013 695.025 1028.336 108.082 1256.569 32.904 -11.432 1309.950 -1368.798 204.568 -150.626 1433.106 245.426 1466.607 -336.780 1519.117  
60.913 0 0 0 10 -85.630 331.106 664.595 567.618 165.246 1255.169 -1306.284 289.596 81.988 1340.495 165.616 1453.596 319.248 1440.037 -118.395 1504.348 1681.114 1112.705 1867.287 831.370  
61.127 0 0 0 10 19.047 311.418 742.042 463.679 330.307 1191.047 -1232.202 388.512 262.966 1292.521 204.420 1367.809 355.039 1372.833 282.283 1523.062 92.949 1773.566 1802.981 879.373  
61.341 0 0 0 10 822.412 332.276 475.708 1094.053 -1149.996 452.996 539.584 1302.670 444.366 1367.619 1934.605 591.468 -1249.128 1688.099 -1813.078 1246.094 2041.796 1510.850 2023.051 1552.342  
61.554 0 0 0 10 888.158 188.784 -1058.707 527.852 844.996 906.147 446.967 1262.197 953.258 1040.298 592.541 1362.751 -1908.463 319.367 -1033.348 1754.277 2035.001 286.001 2054.216 589.037  
61.768 0 0 0 10 932.720 48.882 -969.333 570.981 731.205 1006.417 596.544 1170.783 922.397 938.638 576.024 1207.659 684.162 1161.476 942.357 993.038 744.258 1492.751 -1839.724 441.679  
61.982 0 0 0 10 -877.694 603.223 1067.763 579.748 939.335 845.781 738.193 1054.249 869.358 982.630 875.798 1374.728 -1750.895 568.900 -604.148 1805.608 -1278.517 1550.965 2124.049 260.800  
62.195 0 0 0 10 -788.869 627.495 999.294 612.368 1139.902 437.567 947.161 823.354 864.774 927.356 928.652 912.584 1019.633 1236.914 -1666.378 656.404 -399.331 1801.266 -1119.621 1598.985  
62.409 0 0 0 10 -709.261 627.501 1038.701 462.460 1064.345 614.500 1111.808 542.265 1197.748 320.936 969.101 784.763 947.429 838.214 1034.564 765.537 1271.404 462.753 -1580.601 737.046  
62.622 0 0 0 10 -642.682 609.882 1068.375 464.543 1044.795 652.861 1024.389 704.043 1238.825 174.106 1256.574 348.479 1325.340 318.186 1378.523 255.494 1238.425 950.277 -1498.161 779.893  
62.836 0 0 0 10 -591.285 581.054 1131.407 335.138 1077.430 584.997 1138.220 471.466 1271.806 22.199 1322.740 57.752 1308.801 219.018 1298.662 397.041 1310.508 803.080 -1429.994 809.052  
63.050 0 0 0 10 -550.629 541.102 1153.210 203.342 1164.372 268.817 1120.254 475.520 1327.798 270.144 1362.090 679.113 124.985 1588.089 -1375.160 810.031 -616.822 1565.893 -1134.684 2089.827  
63.263 0 0 0 10 -511.401 502.552 1158.618 121.776 1157.179 310.065 1194.578 275.790 1436.835 253.353 1399.120 565.281 199.836 1517.902 -1338.972 788.715 -540.767 1527.079 -1035.179 2076.248  
63.477 0 0 0 10 -491.764 450.619 1165.347 269.041 1209.914 148.559 241.795 1444.908 1418.976 461.053 -1313.761 758.500 -493.726 1475.592 -991.157 2032.173 -2350.067 696.122 300.042 2443.649  
63.690 0 0 0 10 -485.217 385.959 1170.411 185.375 1214.334 63.641 1370.653 95.845 254.765 1374.590 1424.741 381.758 -1299.771 705.718 -472.784 1413.002 1539.878 148.273 -946.263 1983.882  
63.904 0 0 0 10 -474.697 326.250 1171.525 102.495 265.757 1306.240 -451.842 1350.413 -1288.395 656.470 1431.670 291.277 1531.067 53.466 -936.799 1920.723 344.544 2305.396 -2327.881 623.754  
64.118 0 0 0 10 -466.511 263.939 1173.821 20.489 295.308 1230.048 -453.310 1280.107 -1281.519 597.582 1435.062 214.471 -923.629 1852.514 372.843 2228.019 -2321.918 578.919 1805.099 1625.318  
64.331 0 0 0 10 -464.711 192.490 299.454 1157.905 -429.609 1213.180 1439.501 125.940 -893.288 1791.659 398.914 2152.345 -2310.231 533.359 1834.152 1511.958 -1645.929 2069.216 2990.198 393.667  
64.545 0 0 0 10 -455.439 134.907 320.369 1081.549 -406.243 1147.195 -1258.466 483.080 1444.120 50.430 -863.839 1732.593 422.062 2074.501 1854.067 1422.675 -2306.743 469.312 -1608.578 2022.259  
64.759 0 0 0 10 317.846 1008.079 -401.688 1074.363 -1253.684 419.477 -863.008 1657.823 442.835 1997.502 1859.121 1350.731 -1606.098 1948.352 -355.684 2701.687 2991.410 182.962 3018.125 131.774  
64.972 0 0 0 10 328.800 928.502 -393.989 1000.199 -1250.792 346.875 -832.994 1600.168 459.887 1915.569 1868.651 1260.421 -2295.388 363.554 -1602.838 1876.682 2986.976 78.217 -78.688 3004.970  
65.186 0 0 0 10 334.982 850.402 -384.597 928.499 -1245.754 276.177 -827.870 1524.748 474.720 1835.608 1880.971 1175.361 -2296.186 302.299 -1596.252 1804.234 -2886.836 535.044 -954.452 2852.558  
65.400 0 0 0 10 335.348 771.248 -388.153 851.724 -1245.679 208.455 -848.097 1439.782 472.862 1764.746 -1590.339 1735.551 -326.446 2479.604 -74.735 2854.022 -959.449 2786.443 3755.361 1632.877  
65.613 0 0 0 9 331.494 694.991 -386.407 775.013 -836.520 1365.077 467.133 1684.426 1894.730 1028.754 -1579.774 1664.734 -72.746 2778.048 -957.692 2704.438 656.555 4145.328    
65.827 0 0 0 9 324.148 622.682 -391.969 692.803 -838.199 1290.714 474.590 1602.188 1888.312 941.477 -1572.840 1600.534 -326.918 2326.140 -70.730 2701.074 -956.630 2628.320    
66.040 0 0 0 10 320.764 544.550 -392.229 615.676 454.141 1533.153 1862.936 888.575 -1586.394 1505.431 -335.084 2242.099 -68.688 2623.101 -952.914 2548.685 2320.017 2320.017 3697.923 1273.297  
66.253 0 0 0 10 319.453 464.807 -397.342 536.976 457.073 1449.650 1858.151 827.302 1872.307 794.747 -1599.769 1415.356 -343.530 2168.964 -89.029 2549.446 -970.129 2462.815 3251.538 170.406  
66.467 0 0 0 10 318.675 386.584 -393.566 460.806 -835.453 1069.331 458.188 1369.379 1869.028 717.453 1857.149 750.337 -1584.686 1353.450 -348.911 2085.008 -86.202 2468.495 -965.361 2389.353  
66.681 0 0 0 10 310.503 315.970 -393.714 386.902 -856.105 967.651 458.317 1294.247 1853.216 638.114 -1596.521 1269.930 -355.111 2013.932 -104.381 2390.722 -981.517 2312.308 628.006 3752.817  
66.895 0 0 0 10 310.201 238.026 -399.850 306.816 -851.495 897.288 456.320 1220.484 1845.050 599.493 -358.457 1934.062 -100.892 2310.799 -974.941 2242.212 882.424 2637.288 615.297 3676.873  
67.109 0 0 0 10 303.754 171.856 -398.934 234.990 -859.569 815.700 451.163 1145.344 -362.537 1865.092 1844.661 528.948 1860.373 498.485 -97.707 2237.868 -982.823 2156.608 861.165 2573.750  
67.322 0 0 0 10 301.567 100.903 323.097 137.147 -395.253 171.861 -850.814 752.736 443.530 1070.776 -363.049 1784.443 1861.047 429.657 -1606.054 1042.984 -113.674 2169.023 -991.898 2079.556  
67.536 0 0 0 10 298.756 36.683 318.047 61.822 326.888 8.560 -398.672 95.713 -853.043 678.541 435.833 1002.347 -364.885 1716.649 -1597.848 979.162 1843.808 391.914 -109.853 2096.123  
67.749 0 0 0 10 442.996 928.760 -853.193 608.577 -364.051 1642.130 -1595.362 902.612 -106.190 2026.219 -989.245 1941.503 877.269 2346.364 2300.869 1733.829 -461.325 2912.693 -3081.652 1152.182  
67.963 0 0 0 10 429.688 861.822 -861.167 527.724 -377.248 1571.350 -1599.281 832.533 1864.994 228.992 -119.228 1949.357 -993.402 1868.317 875.493 2280.737 2268.484 1678.590 616.138 3324.385  
68.176 0 0 0 10 430.397 792.693 -858.604 466.184 -375.705 1506.869 -1612.322 751.838 1839.492 177.123 -115.321 1885.477 -997.738 1799.967 852.557 2220.988 2261.613 1613.193 2320.476 1565.181  
68.390 0 0 0 10 427.347 725.492 -862.643 393.129 -384.605 1435.366 -127.096 1817.562 1865.440 97.764 -1014.062 1721.535 846.984 2150.195 2257.282 1551.387 -476.491 2702.312 2315.569 1503.748  
68.604 0 0 0 10 420.706 660.376 -865.485 323.592 -137.539 1747.596 1858.717 32.444 -1012.602 1652.417 860.655 2077.805 -487.298 2629.224 2249.824 1489.126 578.598 3121.834 -3094.217 858.102  
68.817 0 0 0 10 422.171 591.862 -867.732 257.034 -384.841 1299.201 -132.204 1679.806 -1010.123 1585.576 836.163 2018.677 2269.377 1418.064 2319.763 1506.472 566.752 3057.923 3679.369 451.770  
69.031 0 0 0 10 409.696 533.927 -865.975 191.982 -388.512 1232.202 -141.541 1617.820 -1600.854 489.430 -1007.285 1521.842 846.943 1947.836 2258.636 1357.125 555.272 2995.978 3588.812 125.324  
69.245 0 0 0 10 402.658 471.452 -868.356 129.777 -402.077 1167.715 -149.424 1551.823 -1605.189 415.130 -1028.425 1441.799 822.221 1890.978 -517.492 2434.609 2255.130 1302.000 543.609 2933.049  
69.458 0 0 0 10 390.985 412.013 -431.005 1094.171 -195.528 1485.184 -1626.556 316.171 -1053.157 1372.501 782.244 1842.851 -565.872 2357.025 2215.293 1279.000 481.609 2877.981 5236.124 596.581  
69.672 0 0 0 10 377.920 358.633 -458.392 1029.566 -212.107 1419.238 -1635.923 229.914 -1084.383 1292.317 743.171 1794.174 2201.130 1245.339 421.552 2820.673 3315.646 1726.016 115.990 4429.482  
69.886 0 0 0 10 360.432 307.838 -477.878 958.475 -250.392 1350.992 -1112.021 1213.558 690.855 1753.837 -655.507 2212.956 2170.667 1228.104 364.038 2765.140 38.126 4368.834 5194.180 683.827  
70.100 0 0 0 9 345.658 255.774 -513.000 888.542 -285.267 1286.758 -1146.907 1127.062 639.479 1710.363 -715.839 2139.418 2138.464 1209.885 309.045 2712.451 -75.272 4312.343    
70.313 0 0 0 8 333.382 204.297 -539.794 815.540 -316.480 1223.739 -1180.354 1044.289 619.517 1656.973 232.967 2662.828 -185.513 4248.952 5146.839 769.200      
70.526 0 0 0 8 320.418 152.831 -566.308 751.516 -354.647 1159.998 -1213.825 965.520 570.810 1611.917 2063.739 1191.500 159.520 2608.126 -256.099 4187.175      
70.740 0 0 0 10 304.473 107.820 -593.077 682.257 -387.550 1094.407 -1251.664 876.425 524.822 1568.527 -873.344 1916.378 2012.766 1185.610 89.447 2561.439 272.802 3466.282 -360.999 4126.238  
70.954 0 0 0 8 -616.962 606.287 -427.457 1031.973 -1283.223 786.360 468.087 1531.044 1948.283 1193.909 21.869 2505.905 3775.780 264.028 -498.324 4058.521      
71.167 0 0 0 10 -648.165 534.306 -476.985 956.685 -1319.124 701.391 412.349 1486.882 -995.680 1759.859 1884.980 1200.865 -64.160 2450.160 58.902 3374.486 3500.328 585.754 -631.682 3988.286  
71.381 0 0 0 10 -676.608 465.020 -524.795 890.925 -1351.292 615.819 360.464 1445.741 -1066.002 1673.289 1773.492 1086.797 1797.358 1058.725 1818.705 1203.775 1842.440 1363.334 -146.700 2398.518  
71.595 0 0 0 10 -558.075 827.379 310.591 1400.985 -1381.591 516.556 1606.374 984.387 1721.688 896.254 -1131.209 1585.897 1795.791 875.866 1903.246 887.498 -226.004 2347.144 2452.440 680.122  
71.808 0 0 0 10 -726.312 315.809 -586.237 763.999 250.938 1353.942 -1409.465 417.503 1569.737 980.881 1683.781 895.282 2054.564 914.751 -40.210 2303.649 -321.629 2288.510 1207.764 2010.057  
72.022 0 0 0 9 -744.434 249.084 -630.326 687.880 197.769 1323.303 -1427.452 329.553 1705.572 1216.573 -411.488 2220.190 -1166.685 2446.006 -1157.417 3670.857 -1082.842 4343.044    
72.235 0 0 0 9 -763.906 176.362 -656.464 622.961 145.693 1278.727 -1443.922 241.630 -1302.990 1325.933 1658.357 1227.119 -479.414 2162.496 -515.939 3083.129 -1006.327 5177.102    
72.449 0 0 0 7 -779.276 102.594 -692.608 550.925 75.578 1235.691 1629.216 1227.703 -580.442 2093.005 2509.323 2068.526 4672.152 1700.524        
72.663 0 0 0 8 -724.647 479.633 10.428 1194.954 -1416.737 1147.251 1591.467 1221.175 -641.405 2034.278 -1435.036 2168.103 1533.011 2501.646 -736.652 2954.550      
72.876 0 0 0 10 -750.510 407.494 -30.051 1147.607 -1733.478 321.281 -1740.736 385.912 -1787.152 267.092 -1486.761 1041.041 -1844.069 210.105 -1789.184 777.959 -1815.423 751.973 1540.173 1225.109  
73.090 0 0 0 10 -771.032 343.286 -86.697 1101.594 -1522.515 646.269 -1491.998 727.696 1483.834 1223.178 -805.297 1897.161 -1742.624 1514.840 -1587.685 1892.130 -1580.224 1951.414 1292.965 2537.587  
73.304 0 0 0 10 -797.072 274.454 -138.749 1053.906 -1708.212 240.074 -1737.948 213.393 1421.118 1235.359 -1912.279 406.467 -1901.442 491.746 -1890.802 542.179 -1889.722 687.803 -903.551 1812.242  
73.517 0 0 0 10 -819.900 204.424 -204.950 1007.363 -1610.509 750.993 1356.590 1243.086 -979.923 1732.008 -1771.302 1771.302 1067.087 2513.899 1122.593 2521.385 2070.684 2259.755 -2046.992 2978.392  
73.731 0 0 0 10 -841.652 125.786 -247.125 955.562 1260.936 1283.138 -1066.403 1642.117 -1850.431 1666.135 911.826 2505.221 995.051 2526.084 1964.580 2300.228 -2181.192 2842.585 -1495.309 3438.975  
73.945 0 0 0 10 -284.768 903.170 1208.751 1273.757 -1679.566 545.724 -1135.013 1562.212 -1919.551 1554.421 785.143 2490.155 913.194 2508.979 1879.151 2320.558 -2286.396 2724.820 -1599.349 3353.104  
74.159 0 0 0 9 -333.150 845.750 1158.637 1264.431 -1707.812 441.670 -1182.778 1486.955 730.771 2467.043 832.607 2488.401 1790.367 2333.252 -2384.158 2601.852 -1729.533 3252.779    
74.372 0 0 0 10 -360.368 790.756 1149.167 1232.331 -1725.647 351.087 -1238.437 1399.798 -2018.706 1361.635 678.518 2446.658 817.968 2517.447 -1562.715 2273.764 1721.417 2326.362 -2455.285 2498.516  
74.586 0 0 0 10 -383.251 736.219 1111.346 1212.821 -1740.307 275.638 -1266.572 1334.689 -2060.831 1262.879 647.306 2415.780 -1622.082 2192.118 1676.364 2307.316 -2523.577 2394.786 -1884.130 3074.620  
74.799 0 0 0 10 -401.463 681.549 1086.349 1185.542 -1750.674 199.464 -1293.836 1271.449 -2086.243 1180.339 617.437 2387.452 -1659.823 2124.477 1627.130 2281.152 -2563.850 2308.501 -2590.777 2980.348  
75.013 0 0 0 5 -416.160 628.750 1060.001 1156.788 -1317.515 1207.280 586.177 2351.027 1584.218 2262.498            
75.226 0 0 0 8 -427.083 577.169 1032.977 1127.297 -1336.033 1141.080 -2127.446 1037.625 554.433 2309.379 -1724.123 1983.377 1557.834 2224.817 4732.505 248.020      
75.440 0 0 0 7 -436.350 529.334 1029.090 1084.435 -1354.695 1077.573 523.686 2268.334 -2139.319 974.944 1538.906 2197.785 -2060.466 2784.560        
75.654 0 0 0 10 -442.512 482.917 1004.309 1058.321 -1365.667 1029.104 514.688 2229.359 -2150.299 912.748 1513.095 2160.923 -2087.443 2720.409 -863.310 3338.173 -2597.037 2421.776 -2440.078 3550.336  
75.867 0 0 0 9 -447.208 439.470 989.194 1024.340 -1372.599 979.065 446.983 2196.991 -2159.499 850.649 1491.299 2129.795 -2116.550 2660.868 -2453.760 3504.332 4737.487 206.843    
76.081 0 0 0 7 -455.483 389.019 978.469 995.698 -1390.922 920.631 438.809 2156.814 1470.076 2099.487 -2117.663 2615.096 -929.449 3241.374        
76.295 0 0 0 7 -457.765 351.255 972.160 955.339 -1389.909 885.470 412.338 2121.296 1451.722 2073.274 -947.475 3198.623 -2145.625 2557.056        
76.508 0 0 0 10 -466.976 309.085 959.599 926.674 386.522 2085.484 -2186.873 689.518 -1831.852 1649.407 1431.073 2043.784 -2174.180 2501.108 -2548.884 3321.770 3555.630 2583.316 4704.518 205.404  
76.722 0 0 0 10 -472.603 267.386 944.437 896.238 379.597 2048.120 -1844.510 1603.408 1413.866 2019.210 -2573.746 1768.887 -1009.868 3108.053 -2180.020 2464.064 -2562.999 3280.489 3531.359 2565.683  
76.935 0 0 0 10 -475.462 231.898 935.401 872.276 354.937 2012.947 -2203.277 590.366 -1859.190 1560.046 1396.659 1994.635 -2555.429 1659.515 -2772.936 1666.148 -2202.424 2403.524 -3030.822 2283.888  
77.149 0 0 0 10 -474.120 206.153 934.133 841.097 332.571 1987.365 -2208.252 530.154 1380.598 1971.699 -1873.699 1517.291 -1045.074 3035.115 -2790.334 1611.000 -2230.269 2350.213 -4630.465 5326.740  
77.363 0 0 0 9 -481.748 161.191 918.969 813.035 -1430.154 666.892 325.639 1945.941 -2212.287 490.452 1363.965 1947.944 -1884.922 1472.662 -2542.519 1409.342 -2234.716 2314.116    
77.577 0 0 0 10 -485.042 125.440 914.768 781.286 -1436.116 624.441 320.853 1917.339 -2215.610 450.771 1362.329 1909.915 -1892.766 1426.302 -2498.710 1300.746 -211.362 3022.619 -2803.427 1522.136  
77.790 0 0 0 10 -484.083 98.488 907.431 748.028 -1441.771 582.513 298.946 1887.472 1344.908 1885.492 -1899.572 1380.120 -2486.622 1186.058 -208.781 2985.709 -2261.717 2222.583 -2817.146 1466.514  
78.003 0 0 0 10 896.869 713.402 -1443.412 539.670 308.639 1844.354 1345.440 1851.840 -1896.075 1352.457 -2449.215 1090.461 -232.004 2947.885 -2265.201 2187.479 -2817.363 1435.518 -2657.769 3004.061  
78.217 0 0 0 10 896.868 675.838 -1442.241 510.724 301.047 1798.985 -2225.286 332.571 1358.297 1802.520 -1901.259 1306.699 -2409.478 998.038 -228.944 2909.005 -2265.344 2149.731 -2811.884 1401.954  
78.431 0 0 0 10 905.982 634.376 -1444.655 469.397 311.872 1768.715 1353.885 1764.418 -1896.009 1278.874 -2377.274 888.826 -226.198 2874.113 -2248.661 2133.899 -2813.225 1372.102 -2649.757 2942.854  
78.645 0 0 0 10 898.929 594.988 -1441.151 440.604 304.753 1728.338 1352.608 1731.260 -2221.318 272.744 -1889.585 1250.689 -223.373 2838.224 -1089.242 2765.201 -2247.450 2095.781 -2809.748 1340.181  
78.858 0 0 0 10 902.946 553.326 -1441.591 399.789 312.534 1686.282 1364.996 1685.630 -1893.414 1206.238 -195.876 2801.160 -1077.147 2734.497 -2244.272 2056.497 -2806.835 1308.849 -2663.204 2855.936  
79.072 0 0 0 9 900.666 520.000 -1437.699 371.814 306.338 1652.851 1359.299 1648.962 -1887.755 1179.600 -193.225 2763.252 -2245.041 2021.444 -2799.951 1276.011 -2640.016 2831.070    
79.285 0 0 0 10 897.075 476.983 -1436.190 344.799 311.209 1601.034 1367.738 1601.415 -190.575 2725.345 -2243.122 1984.547 -2800.017 1246.648 -2623.648 2813.518 3806.716 1655.207 4106.645 1701.028  
